;  LST file generated by mikroListExporter - v.2.0 
; Date/Time: 1/20/2024 10:48:52 PM
;----------------------------------------------

;Address Opcode 	ASM
0x0000	0x2B99      	GOTO       921
_____DoICP:
;__Lib_System.c,6 :: 		
;__Lib_System.c,9 :: 		
0x0003	0x1283      	BCF        STATUS, 5
0x0004	0x1303      	BCF        STATUS, 6
0x0005	0x0822      	MOVF       ___DoICPAddr+1, 0
0x0006	0x008A      	MOVWF      PCLATH
;__Lib_System.c,10 :: 		
0x0007	0x0821      	MOVF       ___DoICPAddr, 0
0x0008	0x0082      	MOVWF      PCL
;__Lib_System.c,12 :: 		
L_end_____DoICP:
0x0009	0x0008      	RETURN
; end of _____DoICP
_Mul_32x32_U:
;__Lib_Math.c,1775 :: 		
;__Lib_Math.c,1790 :: 		
0x000A	0x1283      	BCF        STATUS, 5
;__Lib_Math.c,1791 :: 		
0x000B	0x1303      	BCF        STATUS, 6
;__Lib_Math.c,1792 :: 		
0x000C	0x3022      	MOVLW      34
;__Lib_Math.c,1793 :: 		
0x000D	0x00FC      	MOVWF      R12
;__Lib_Math.c,1794 :: 		
0x000E	0x01F8      	CLRF       R8
;__Lib_Math.c,1795 :: 		
0x000F	0x01F9      	CLRF       R9
;__Lib_Math.c,1796 :: 		
0x0010	0x01FA      	CLRF       R10
;__Lib_Math.c,1797 :: 		
0x0011	0x01FB      	CLRF       R11
;__Lib_Math.c,1799 :: 		
_NEXT:
;__Lib_Math.c,1803 :: 		
0x0012	0x03FC      	DECF       R12, 1
;__Lib_Math.c,1804 :: 		
0x0013	0x1903      	BTFSC      STATUS, 2
;__Lib_Math.c,1805 :: 		
0x0014	0x2840      	GOTO       _EXIT2
;__Lib_Math.c,1806 :: 		
0x0015	0x1003      	BCF        STATUS, 0
;__Lib_Math.c,1808 :: 		
_LOOP:
;__Lib_Math.c,1817 :: 		
0x0016	0x0CFB      	RRF        R11, 1
;__Lib_Math.c,1818 :: 		
0x0017	0x0CFA      	RRF        R10, 1
;__Lib_Math.c,1819 :: 		
0x0018	0x0CF9      	RRF        R9, 1
;__Lib_Math.c,1820 :: 		
0x0019	0x0CF8      	RRF        R8, 1
;__Lib_Math.c,1821 :: 		
0x001A	0x0CF3      	RRF        R3, 1
;__Lib_Math.c,1822 :: 		
0x001B	0x0CF2      	RRF        R2, 1
;__Lib_Math.c,1823 :: 		
0x001C	0x0CF1      	RRF        R1, 1
;__Lib_Math.c,1824 :: 		
0x001D	0x0CF0      	RRF        R0, 1
;__Lib_Math.c,1829 :: 		
0x001E	0x1C03      	BTFSS      STATUS, 0
;__Lib_Math.c,1830 :: 		
0x001F	0x2812      	GOTO       _NEXT
;__Lib_Math.c,1831 :: 		
0x0020	0x03FC      	DECF       R12, 1
;__Lib_Math.c,1832 :: 		
0x0021	0x1903      	BTFSC      STATUS, 2
;__Lib_Math.c,1833 :: 		
0x0022	0x2832      	GOTO       _EXIT1
;__Lib_Math.c,1840 :: 		
0x0023	0x0874      	MOVF       R4, 0
;__Lib_Math.c,1841 :: 		
0x0024	0x07F8      	ADDWF      R8, 1
;__Lib_Math.c,1842 :: 		
0x0025	0x0875      	MOVF       R5, 0
;__Lib_Math.c,1843 :: 		
0x0026	0x1803      	BTFSC      STATUS, 0
;__Lib_Math.c,1844 :: 		
0x0027	0x0F75      	INCFSZ     R5, 0
;__Lib_Math.c,1845 :: 		
0x0028	0x07F9      	ADDWF      R9, 1
;__Lib_Math.c,1846 :: 		
0x0029	0x0876      	MOVF       R6, 0
;__Lib_Math.c,1847 :: 		
0x002A	0x1803      	BTFSC      STATUS, 0
;__Lib_Math.c,1848 :: 		
0x002B	0x0F76      	INCFSZ     R6, 0
;__Lib_Math.c,1849 :: 		
0x002C	0x07FA      	ADDWF      R10, 1
;__Lib_Math.c,1850 :: 		
0x002D	0x0877      	MOVF       R7, 0
;__Lib_Math.c,1851 :: 		
0x002E	0x1803      	BTFSC      STATUS, 0
;__Lib_Math.c,1852 :: 		
0x002F	0x0F77      	INCFSZ     R7, 0
;__Lib_Math.c,1853 :: 		
0x0030	0x07FB      	ADDWF      R11, 1
;__Lib_Math.c,1855 :: 		
0x0031	0x2816      	GOTO       _LOOP
;__Lib_Math.c,1857 :: 		
_EXIT1:
;__Lib_Math.c,1862 :: 		
0x0032	0x0874      	MOVF       R4, 0
;__Lib_Math.c,1863 :: 		
0x0033	0x07F8      	ADDWF      R8, 1
;__Lib_Math.c,1864 :: 		
0x0034	0x0875      	MOVF       R5, 0
;__Lib_Math.c,1865 :: 		
0x0035	0x1803      	BTFSC      STATUS, 0
;__Lib_Math.c,1866 :: 		
0x0036	0x0F75      	INCFSZ     R5, 0
;__Lib_Math.c,1867 :: 		
0x0037	0x07F9      	ADDWF      R9, 1
;__Lib_Math.c,1868 :: 		
0x0038	0x0876      	MOVF       R6, 0
;__Lib_Math.c,1869 :: 		
0x0039	0x1803      	BTFSC      STATUS, 0
;__Lib_Math.c,1870 :: 		
0x003A	0x0F76      	INCFSZ     R6, 0
;__Lib_Math.c,1871 :: 		
0x003B	0x07FA      	ADDWF      R10, 1
;__Lib_Math.c,1872 :: 		
0x003C	0x0877      	MOVF       R7, 0
;__Lib_Math.c,1873 :: 		
0x003D	0x1803      	BTFSC      STATUS, 0
;__Lib_Math.c,1874 :: 		
0x003E	0x0F77      	INCFSZ     R7, 0
;__Lib_Math.c,1875 :: 		
0x003F	0x07FB      	ADDWF      R11, 1
;__Lib_Math.c,1878 :: 		
_EXIT2:
;__Lib_Math.c,1880 :: 		
L_end_Mul_32x32_U:
0x0040	0x0008      	RETURN
; end of _Mul_32x32_U
_Div_32x32_U:
;__Lib_Math.c,1318 :: 		
;__Lib_Math.c,1327 :: 		
;__Lib_Math.c,1329 :: 		
0x0041	0x1283      	BCF        STATUS, 5
;__Lib_Math.c,1330 :: 		
0x0042	0x1303      	BCF        STATUS, 6
;__Lib_Math.c,1331 :: 		
0x0043	0x01FB      	CLRF       R11
;__Lib_Math.c,1332 :: 		
0x0044	0x01FA      	CLRF       R10
;__Lib_Math.c,1333 :: 		
0x0045	0x01F9      	CLRF       R9
;__Lib_Math.c,1334 :: 		
0x0046	0x01F8      	CLRF       R8
;__Lib_Math.c,1336 :: 		
0x0047	0x01A0      	CLRF       ___math_tempb
;__Lib_Math.c,1338 :: 		
0x0048	0x0D73      	RLF        R3, 0
;__Lib_Math.c,1339 :: 		
0x0049	0x0DF8      	RLF        R8, 1
;__Lib_Math.c,1340 :: 		
0x004A	0x0874      	MOVF       R4, 0
;__Lib_Math.c,1341 :: 		
0x004B	0x02F8      	SUBWF      R8, 1
;__Lib_Math.c,1342 :: 		
0x004C	0x0875      	MOVF       R5, 0
;__Lib_Math.c,1343 :: 		
0x004D	0x1C03      	BTFSS      STATUS, 0
;__Lib_Math.c,1344 :: 		
0x004E	0x0F75      	INCFSZ     R5, 0
;__Lib_Math.c,1345 :: 		
0x004F	0x02F9      	SUBWF      R9, 1
;__Lib_Math.c,1346 :: 		
0x0050	0x0876      	MOVF       R6, 0
;__Lib_Math.c,1347 :: 		
0x0051	0x1C03      	BTFSS      STATUS, 0
;__Lib_Math.c,1348 :: 		
0x0052	0x0F76      	INCFSZ     R6, 0
;__Lib_Math.c,1349 :: 		
0x0053	0x02FA      	SUBWF      R10, 1
;__Lib_Math.c,1350 :: 		
0x0054	0x0877      	MOVF       R7, 0
;__Lib_Math.c,1351 :: 		
0x0055	0x1C03      	BTFSS      STATUS, 0
;__Lib_Math.c,1352 :: 		
0x0056	0x0F77      	INCFSZ     R7, 0
;__Lib_Math.c,1353 :: 		
0x0057	0x02FB      	SUBWF      R11, 1
;__Lib_Math.c,1355 :: 		
0x0058	0x0100      	CLRW
;__Lib_Math.c,1356 :: 		
0x0059	0x1C03      	BTFSS      STATUS, 0
;__Lib_Math.c,1357 :: 		
0x005A	0x3001      	MOVLW      1
;__Lib_Math.c,1358 :: 		
0x005B	0x02A0      	SUBWF      ___math_tempb, 1
;__Lib_Math.c,1359 :: 		
0x005C	0x0DF3      	RLF        R3, 1
;__Lib_Math.c,1361 :: 		
0x005D	0x3007      	MOVLW      7
;__Lib_Math.c,1362 :: 		
0x005E	0x00FC      	MOVWF      R12
;__Lib_Math.c,1364 :: 		
LOOPU3232A:
;__Lib_Math.c,1365 :: 		
0x005F	0x0D73      	RLF        R3, 0
;__Lib_Math.c,1366 :: 		
0x0060	0x0DF8      	RLF        R8, 1
;__Lib_Math.c,1367 :: 		
0x0061	0x0DF9      	RLF        R9, 1
;__Lib_Math.c,1368 :: 		
0x0062	0x0DFA      	RLF        R10, 1
;__Lib_Math.c,1369 :: 		
0x0063	0x0DFB      	RLF        R11, 1
;__Lib_Math.c,1370 :: 		
0x0064	0x0DA0      	RLF        ___math_tempb, 1
;__Lib_Math.c,1371 :: 		
0x0065	0x0874      	MOVF       R4, 0
;__Lib_Math.c,1372 :: 		
0x0066	0x1C73      	BTFSS      R3, 0
;__Lib_Math.c,1373 :: 		
0x0067	0x287A      	GOTO       UADD22LA
;__Lib_Math.c,1375 :: 		
0x0068	0x02F8      	SUBWF      R8, 1
;__Lib_Math.c,1376 :: 		
0x0069	0x0875      	MOVF       R5, 0
;__Lib_Math.c,1377 :: 		
0x006A	0x1C03      	BTFSS      STATUS, 0
;__Lib_Math.c,1378 :: 		
0x006B	0x0F75      	INCFSZ     R5, 0
;__Lib_Math.c,1379 :: 		
0x006C	0x02F9      	SUBWF      R9, 1
;__Lib_Math.c,1380 :: 		
0x006D	0x0876      	MOVF       R6, 0
;__Lib_Math.c,1381 :: 		
0x006E	0x1C03      	BTFSS      STATUS, 0
;__Lib_Math.c,1382 :: 		
0x006F	0x0F76      	INCFSZ     R6, 0
;__Lib_Math.c,1383 :: 		
0x0070	0x02FA      	SUBWF      R10, 1
;__Lib_Math.c,1384 :: 		
0x0071	0x0877      	MOVF       R7, 0
;__Lib_Math.c,1385 :: 		
0x0072	0x1C03      	BTFSS      STATUS, 0
;__Lib_Math.c,1386 :: 		
0x0073	0x0F77      	INCFSZ     R7, 0
;__Lib_Math.c,1387 :: 		
0x0074	0x02FB      	SUBWF      R11, 1
;__Lib_Math.c,1388 :: 		
0x0075	0x0100      	CLRW
;__Lib_Math.c,1389 :: 		
0x0076	0x1C03      	BTFSS      STATUS, 0
;__Lib_Math.c,1390 :: 		
0x0077	0x3001      	MOVLW      1
;__Lib_Math.c,1391 :: 		
0x0078	0x02A0      	SUBWF      ___math_tempb, 1
;__Lib_Math.c,1392 :: 		
0x0079	0x288B      	GOTO       UOK22LA
;__Lib_Math.c,1394 :: 		
UADD22LA:
;__Lib_Math.c,1395 :: 		
0x007A	0x07F8      	ADDWF      R8, 1
;__Lib_Math.c,1396 :: 		
0x007B	0x0875      	MOVF       R5, 0
;__Lib_Math.c,1397 :: 		
0x007C	0x1803      	BTFSC      STATUS, 0
;__Lib_Math.c,1398 :: 		
0x007D	0x0F75      	INCFSZ     R5, 0
;__Lib_Math.c,1399 :: 		
0x007E	0x07F9      	ADDWF      R9, 1
;__Lib_Math.c,1400 :: 		
0x007F	0x0876      	MOVF       R6, 0
;__Lib_Math.c,1401 :: 		
0x0080	0x1803      	BTFSC      STATUS, 0
;__Lib_Math.c,1402 :: 		
0x0081	0x0F76      	INCFSZ     R6, 0
;__Lib_Math.c,1403 :: 		
0x0082	0x07FA      	ADDWF      R10, 1
;__Lib_Math.c,1404 :: 		
0x0083	0x0877      	MOVF       R7, 0
;__Lib_Math.c,1405 :: 		
0x0084	0x1803      	BTFSC      STATUS, 0
;__Lib_Math.c,1406 :: 		
0x0085	0x0F77      	INCFSZ     R7, 0
;__Lib_Math.c,1407 :: 		
0x0086	0x07FB      	ADDWF      R11, 1
;__Lib_Math.c,1408 :: 		
0x0087	0x0100      	CLRW
;__Lib_Math.c,1409 :: 		
0x0088	0x1803      	BTFSC      STATUS, 0
;__Lib_Math.c,1410 :: 		
0x0089	0x3001      	MOVLW      1
;__Lib_Math.c,1411 :: 		
0x008A	0x07A0      	ADDWF      ___math_tempb, 1
;__Lib_Math.c,1413 :: 		
UOK22LA:
;__Lib_Math.c,1414 :: 		
0x008B	0x0DF3      	RLF        R3, 1
;__Lib_Math.c,1416 :: 		
0x008C	0x0BFC      	DECFSZ     R12, 1
;__Lib_Math.c,1417 :: 		
0x008D	0x285F      	GOTO       LOOPU3232A
;__Lib_Math.c,1419 :: 		
0x008E	0x0D72      	RLF        R2, 0
;__Lib_Math.c,1420 :: 		
0x008F	0x0DF8      	RLF        R8, 1
;__Lib_Math.c,1421 :: 		
0x0090	0x0DF9      	RLF        R9, 1
;__Lib_Math.c,1422 :: 		
0x0091	0x0DFA      	RLF        R10, 1
;__Lib_Math.c,1423 :: 		
0x0092	0x0DFB      	RLF        R11, 1
;__Lib_Math.c,1424 :: 		
0x0093	0x0DA0      	RLF        ___math_tempb, 1
;__Lib_Math.c,1425 :: 		
0x0094	0x0874      	MOVF       R4, 0
;__Lib_Math.c,1426 :: 		
0x0095	0x1C73      	BTFSS      R3, 0
;__Lib_Math.c,1427 :: 		
0x0096	0x28A9      	GOTO       UADD22L8
;__Lib_Math.c,1429 :: 		
0x0097	0x02F8      	SUBWF      R8, 1
;__Lib_Math.c,1430 :: 		
0x0098	0x0875      	MOVF       R5, 0
;__Lib_Math.c,1431 :: 		
0x0099	0x1C03      	BTFSS      STATUS, 0
;__Lib_Math.c,1432 :: 		
0x009A	0x0F75      	INCFSZ     R5, 0
;__Lib_Math.c,1433 :: 		
0x009B	0x02F9      	SUBWF      R9, 1
;__Lib_Math.c,1434 :: 		
0x009C	0x0876      	MOVF       R6, 0
;__Lib_Math.c,1435 :: 		
0x009D	0x1C03      	BTFSS      STATUS, 0
;__Lib_Math.c,1436 :: 		
0x009E	0x0F76      	INCFSZ     R6, 0
;__Lib_Math.c,1437 :: 		
0x009F	0x02FA      	SUBWF      R10, 1
;__Lib_Math.c,1438 :: 		
0x00A0	0x0877      	MOVF       R7, 0
;__Lib_Math.c,1439 :: 		
0x00A1	0x1C03      	BTFSS      STATUS, 0
;__Lib_Math.c,1440 :: 		
0x00A2	0x0F77      	INCFSZ     R7, 0
;__Lib_Math.c,1441 :: 		
0x00A3	0x02FB      	SUBWF      R11, 1
;__Lib_Math.c,1442 :: 		
0x00A4	0x0100      	CLRW
;__Lib_Math.c,1443 :: 		
0x00A5	0x1C03      	BTFSS      STATUS, 0
;__Lib_Math.c,1444 :: 		
0x00A6	0x3001      	MOVLW      1
;__Lib_Math.c,1445 :: 		
0x00A7	0x02A0      	SUBWF      ___math_tempb, 1
;__Lib_Math.c,1446 :: 		
0x00A8	0x28BA      	GOTO       UOK22L8
;__Lib_Math.c,1448 :: 		
UADD22L8:
;__Lib_Math.c,1449 :: 		
0x00A9	0x07F8      	ADDWF      R8, 1
;__Lib_Math.c,1450 :: 		
0x00AA	0x0875      	MOVF       R5, 0
;__Lib_Math.c,1451 :: 		
0x00AB	0x1803      	BTFSC      STATUS, 0
;__Lib_Math.c,1452 :: 		
0x00AC	0x0F75      	INCFSZ     R5, 0
;__Lib_Math.c,1453 :: 		
0x00AD	0x07F9      	ADDWF      R9, 1
;__Lib_Math.c,1454 :: 		
0x00AE	0x0876      	MOVF       R6, 0
;__Lib_Math.c,1455 :: 		
0x00AF	0x1803      	BTFSC      STATUS, 0
;__Lib_Math.c,1456 :: 		
0x00B0	0x0F76      	INCFSZ     R6, 0
;__Lib_Math.c,1457 :: 		
0x00B1	0x07FA      	ADDWF      R10, 1
;__Lib_Math.c,1458 :: 		
0x00B2	0x0877      	MOVF       R7, 0
;__Lib_Math.c,1459 :: 		
0x00B3	0x1803      	BTFSC      STATUS, 0
;__Lib_Math.c,1460 :: 		
0x00B4	0x0F77      	INCFSZ     R7, 0
;__Lib_Math.c,1461 :: 		
0x00B5	0x07FB      	ADDWF      R11, 1
;__Lib_Math.c,1462 :: 		
0x00B6	0x0100      	CLRW
;__Lib_Math.c,1463 :: 		
0x00B7	0x1803      	BTFSC      STATUS, 0
;__Lib_Math.c,1464 :: 		
0x00B8	0x3001      	MOVLW      1
;__Lib_Math.c,1465 :: 		
0x00B9	0x07A0      	ADDWF      ___math_tempb, 1
;__Lib_Math.c,1467 :: 		
UOK22L8:
;__Lib_Math.c,1468 :: 		
0x00BA	0x0DF2      	RLF        R2, 1
;__Lib_Math.c,1470 :: 		
0x00BB	0x3007      	MOVLW      7
;__Lib_Math.c,1471 :: 		
0x00BC	0x00FC      	MOVWF      R12
;__Lib_Math.c,1473 :: 		
LOOPU3232B:
;__Lib_Math.c,1474 :: 		
0x00BD	0x0D72      	RLF        R2, 0
;__Lib_Math.c,1475 :: 		
0x00BE	0x0DF8      	RLF        R8, 1
;__Lib_Math.c,1476 :: 		
0x00BF	0x0DF9      	RLF        R9, 1
;__Lib_Math.c,1477 :: 		
0x00C0	0x0DFA      	RLF        R10, 1
;__Lib_Math.c,1478 :: 		
0x00C1	0x0DFB      	RLF        R11, 1
;__Lib_Math.c,1479 :: 		
0x00C2	0x0DA0      	RLF        ___math_tempb, 1
;__Lib_Math.c,1480 :: 		
0x00C3	0x0874      	MOVF       R4, 0
;__Lib_Math.c,1481 :: 		
0x00C4	0x1C72      	BTFSS      R2, 0
;__Lib_Math.c,1482 :: 		
0x00C5	0x28D8      	GOTO       UADD22LB
;__Lib_Math.c,1484 :: 		
0x00C6	0x02F8      	SUBWF      R8, 1
;__Lib_Math.c,1485 :: 		
0x00C7	0x0875      	MOVF       R5, 0
;__Lib_Math.c,1486 :: 		
0x00C8	0x1C03      	BTFSS      STATUS, 0
;__Lib_Math.c,1487 :: 		
0x00C9	0x0F75      	INCFSZ     R5, 0
;__Lib_Math.c,1488 :: 		
0x00CA	0x02F9      	SUBWF      R9, 1
;__Lib_Math.c,1489 :: 		
0x00CB	0x0876      	MOVF       R6, 0
;__Lib_Math.c,1490 :: 		
0x00CC	0x1C03      	BTFSS      STATUS, 0
;__Lib_Math.c,1491 :: 		
0x00CD	0x0F76      	INCFSZ     R6, 0
;__Lib_Math.c,1492 :: 		
0x00CE	0x02FA      	SUBWF      R10, 1
;__Lib_Math.c,1493 :: 		
0x00CF	0x0877      	MOVF       R7, 0
;__Lib_Math.c,1494 :: 		
0x00D0	0x1C03      	BTFSS      STATUS, 0
;__Lib_Math.c,1495 :: 		
0x00D1	0x0F77      	INCFSZ     R7, 0
;__Lib_Math.c,1496 :: 		
0x00D2	0x02FB      	SUBWF      R11, 1
;__Lib_Math.c,1497 :: 		
0x00D3	0x0100      	CLRW
;__Lib_Math.c,1498 :: 		
0x00D4	0x1C03      	BTFSS      STATUS, 0
;__Lib_Math.c,1499 :: 		
0x00D5	0x3001      	MOVLW      1
;__Lib_Math.c,1500 :: 		
0x00D6	0x02A0      	SUBWF      ___math_tempb, 1
;__Lib_Math.c,1501 :: 		
0x00D7	0x28E9      	GOTO       UOK22LB
;__Lib_Math.c,1503 :: 		
UADD22LB:
;__Lib_Math.c,1504 :: 		
0x00D8	0x07F8      	ADDWF      R8, 1
;__Lib_Math.c,1505 :: 		
0x00D9	0x0875      	MOVF       R5, 0
;__Lib_Math.c,1506 :: 		
0x00DA	0x1803      	BTFSC      STATUS, 0
;__Lib_Math.c,1507 :: 		
0x00DB	0x0F75      	INCFSZ     R5, 0
;__Lib_Math.c,1508 :: 		
0x00DC	0x07F9      	ADDWF      R9, 1
;__Lib_Math.c,1509 :: 		
0x00DD	0x0876      	MOVF       R6, 0
;__Lib_Math.c,1510 :: 		
0x00DE	0x1803      	BTFSC      STATUS, 0
;__Lib_Math.c,1511 :: 		
0x00DF	0x0F76      	INCFSZ     R6, 0
;__Lib_Math.c,1512 :: 		
0x00E0	0x07FA      	ADDWF      R10, 1
;__Lib_Math.c,1513 :: 		
0x00E1	0x0877      	MOVF       R7, 0
;__Lib_Math.c,1514 :: 		
0x00E2	0x1803      	BTFSC      STATUS, 0
;__Lib_Math.c,1515 :: 		
0x00E3	0x0F77      	INCFSZ     R7, 0
;__Lib_Math.c,1516 :: 		
0x00E4	0x07FB      	ADDWF      R11, 1
;__Lib_Math.c,1517 :: 		
0x00E5	0x0100      	CLRW
;__Lib_Math.c,1518 :: 		
0x00E6	0x1803      	BTFSC      STATUS, 0
;__Lib_Math.c,1519 :: 		
0x00E7	0x3001      	MOVLW      1
;__Lib_Math.c,1520 :: 		
0x00E8	0x07A0      	ADDWF      ___math_tempb, 1
;__Lib_Math.c,1522 :: 		
UOK22LB:
;__Lib_Math.c,1523 :: 		
0x00E9	0x0DF2      	RLF        R2, 1
;__Lib_Math.c,1525 :: 		
0x00EA	0x0BFC      	DECFSZ     R12, 1
;__Lib_Math.c,1526 :: 		
0x00EB	0x28BD      	GOTO       LOOPU3232B
;__Lib_Math.c,1528 :: 		
0x00EC	0x0D71      	RLF        R1, 0
;__Lib_Math.c,1529 :: 		
0x00ED	0x0DF8      	RLF        R8, 1
;__Lib_Math.c,1530 :: 		
0x00EE	0x0DF9      	RLF        R9, 1
;__Lib_Math.c,1531 :: 		
0x00EF	0x0DFA      	RLF        R10, 1
;__Lib_Math.c,1532 :: 		
0x00F0	0x0DFB      	RLF        R11, 1
;__Lib_Math.c,1533 :: 		
0x00F1	0x0DA0      	RLF        ___math_tempb, 1
;__Lib_Math.c,1534 :: 		
0x00F2	0x0874      	MOVF       R4, 0
;__Lib_Math.c,1535 :: 		
0x00F3	0x1C72      	BTFSS      R2, 0
;__Lib_Math.c,1536 :: 		
0x00F4	0x2907      	GOTO       UADD22L16
;__Lib_Math.c,1538 :: 		
0x00F5	0x02F8      	SUBWF      R8, 1
;__Lib_Math.c,1539 :: 		
0x00F6	0x0875      	MOVF       R5, 0
;__Lib_Math.c,1540 :: 		
0x00F7	0x1C03      	BTFSS      STATUS, 0
;__Lib_Math.c,1541 :: 		
0x00F8	0x0F75      	INCFSZ     R5, 0
;__Lib_Math.c,1542 :: 		
0x00F9	0x02F9      	SUBWF      R9, 1
;__Lib_Math.c,1543 :: 		
0x00FA	0x0876      	MOVF       R6, 0
;__Lib_Math.c,1544 :: 		
0x00FB	0x1C03      	BTFSS      STATUS, 0
;__Lib_Math.c,1545 :: 		
0x00FC	0x0F76      	INCFSZ     R6, 0
;__Lib_Math.c,1546 :: 		
0x00FD	0x02FA      	SUBWF      R10, 1
;__Lib_Math.c,1547 :: 		
0x00FE	0x0877      	MOVF       R7, 0
;__Lib_Math.c,1548 :: 		
0x00FF	0x1C03      	BTFSS      STATUS, 0
;__Lib_Math.c,1549 :: 		
0x0100	0x0F77      	INCFSZ     R7, 0
;__Lib_Math.c,1550 :: 		
0x0101	0x02FB      	SUBWF      R11, 1
;__Lib_Math.c,1551 :: 		
0x0102	0x0100      	CLRW
;__Lib_Math.c,1552 :: 		
0x0103	0x1C03      	BTFSS      STATUS, 0
;__Lib_Math.c,1553 :: 		
0x0104	0x3001      	MOVLW      1
;__Lib_Math.c,1554 :: 		
0x0105	0x02A0      	SUBWF      ___math_tempb, 1
;__Lib_Math.c,1555 :: 		
0x0106	0x2918      	GOTO       UOK22L16
;__Lib_Math.c,1557 :: 		
UADD22L16:
;__Lib_Math.c,1558 :: 		
0x0107	0x07F8      	ADDWF      R8, 1
;__Lib_Math.c,1559 :: 		
0x0108	0x0875      	MOVF       R5, 0
;__Lib_Math.c,1560 :: 		
0x0109	0x1803      	BTFSC      STATUS, 0
;__Lib_Math.c,1561 :: 		
0x010A	0x0F75      	INCFSZ     R5, 0
;__Lib_Math.c,1562 :: 		
0x010B	0x07F9      	ADDWF      R9, 1
;__Lib_Math.c,1563 :: 		
0x010C	0x0876      	MOVF       R6, 0
;__Lib_Math.c,1564 :: 		
0x010D	0x1803      	BTFSC      STATUS, 0
;__Lib_Math.c,1565 :: 		
0x010E	0x0F76      	INCFSZ     R6, 0
;__Lib_Math.c,1566 :: 		
0x010F	0x07FA      	ADDWF      R10, 1
;__Lib_Math.c,1567 :: 		
0x0110	0x0877      	MOVF       R7, 0
;__Lib_Math.c,1568 :: 		
0x0111	0x1803      	BTFSC      STATUS, 0
;__Lib_Math.c,1569 :: 		
0x0112	0x0F77      	INCFSZ     R7, 0
;__Lib_Math.c,1570 :: 		
0x0113	0x07FB      	ADDWF      R11, 1
;__Lib_Math.c,1571 :: 		
0x0114	0x0100      	CLRW
;__Lib_Math.c,1572 :: 		
0x0115	0x1803      	BTFSC      STATUS, 0
;__Lib_Math.c,1573 :: 		
0x0116	0x3001      	MOVLW      1
;__Lib_Math.c,1574 :: 		
0x0117	0x07A0      	ADDWF      ___math_tempb, 1
;__Lib_Math.c,1576 :: 		
UOK22L16:
;__Lib_Math.c,1577 :: 		
0x0118	0x0DF1      	RLF        R1, 1
;__Lib_Math.c,1579 :: 		
0x0119	0x3007      	MOVLW      7
;__Lib_Math.c,1580 :: 		
0x011A	0x00FC      	MOVWF      R12
;__Lib_Math.c,1582 :: 		
LOOPU3232C:
;__Lib_Math.c,1583 :: 		
0x011B	0x0D71      	RLF        R1, 0
;__Lib_Math.c,1584 :: 		
0x011C	0x0DF8      	RLF        R8, 1
;__Lib_Math.c,1585 :: 		
0x011D	0x0DF9      	RLF        R9, 1
;__Lib_Math.c,1586 :: 		
0x011E	0x0DFA      	RLF        R10, 1
;__Lib_Math.c,1587 :: 		
0x011F	0x0DFB      	RLF        R11, 1
;__Lib_Math.c,1588 :: 		
0x0120	0x0DA0      	RLF        ___math_tempb, 1
;__Lib_Math.c,1589 :: 		
0x0121	0x0874      	MOVF       R4, 0
;__Lib_Math.c,1590 :: 		
0x0122	0x1C71      	BTFSS      R1, 0
;__Lib_Math.c,1591 :: 		
0x0123	0x2936      	GOTO       UADD22LC
;__Lib_Math.c,1593 :: 		
0x0124	0x02F8      	SUBWF      R8, 1
;__Lib_Math.c,1594 :: 		
0x0125	0x0875      	MOVF       R5, 0
;__Lib_Math.c,1595 :: 		
0x0126	0x1C03      	BTFSS      STATUS, 0
;__Lib_Math.c,1596 :: 		
0x0127	0x0F75      	INCFSZ     R5, 0
;__Lib_Math.c,1597 :: 		
0x0128	0x02F9      	SUBWF      R9, 1
;__Lib_Math.c,1598 :: 		
0x0129	0x0876      	MOVF       R6, 0
;__Lib_Math.c,1599 :: 		
0x012A	0x1C03      	BTFSS      STATUS, 0
;__Lib_Math.c,1600 :: 		
0x012B	0x0F76      	INCFSZ     R6, 0
;__Lib_Math.c,1601 :: 		
0x012C	0x02FA      	SUBWF      R10, 1
;__Lib_Math.c,1602 :: 		
0x012D	0x0877      	MOVF       R7, 0
;__Lib_Math.c,1603 :: 		
0x012E	0x1C03      	BTFSS      STATUS, 0
;__Lib_Math.c,1604 :: 		
0x012F	0x0F77      	INCFSZ     R7, 0
;__Lib_Math.c,1605 :: 		
0x0130	0x02FB      	SUBWF      R11, 1
;__Lib_Math.c,1606 :: 		
0x0131	0x0100      	CLRW
;__Lib_Math.c,1607 :: 		
0x0132	0x1C03      	BTFSS      STATUS, 0
;__Lib_Math.c,1608 :: 		
0x0133	0x3001      	MOVLW      1
;__Lib_Math.c,1609 :: 		
0x0134	0x02A0      	SUBWF      ___math_tempb, 1
;__Lib_Math.c,1610 :: 		
0x0135	0x2947      	GOTO       UOK22LC
;__Lib_Math.c,1612 :: 		
UADD22LC:
;__Lib_Math.c,1613 :: 		
0x0136	0x07F8      	ADDWF      R8, 1
;__Lib_Math.c,1614 :: 		
0x0137	0x0875      	MOVF       R5, 0
;__Lib_Math.c,1615 :: 		
0x0138	0x1803      	BTFSC      STATUS, 0
;__Lib_Math.c,1616 :: 		
0x0139	0x0F75      	INCFSZ     R5, 0
;__Lib_Math.c,1617 :: 		
0x013A	0x07F9      	ADDWF      R9, 1
;__Lib_Math.c,1618 :: 		
0x013B	0x0876      	MOVF       R6, 0
;__Lib_Math.c,1619 :: 		
0x013C	0x1803      	BTFSC      STATUS, 0
;__Lib_Math.c,1620 :: 		
0x013D	0x0F76      	INCFSZ     R6, 0
;__Lib_Math.c,1621 :: 		
0x013E	0x07FA      	ADDWF      R10, 1
;__Lib_Math.c,1622 :: 		
0x013F	0x0877      	MOVF       R7, 0
;__Lib_Math.c,1623 :: 		
0x0140	0x1803      	BTFSC      STATUS, 0
;__Lib_Math.c,1624 :: 		
0x0141	0x0F77      	INCFSZ     R7, 0
;__Lib_Math.c,1625 :: 		
0x0142	0x07FB      	ADDWF      R11, 1
;__Lib_Math.c,1626 :: 		
0x0143	0x0100      	CLRW
;__Lib_Math.c,1627 :: 		
0x0144	0x1803      	BTFSC      STATUS, 0
;__Lib_Math.c,1628 :: 		
0x0145	0x3001      	MOVLW      1
;__Lib_Math.c,1629 :: 		
0x0146	0x07A0      	ADDWF      ___math_tempb, 1
;__Lib_Math.c,1631 :: 		
UOK22LC:
;__Lib_Math.c,1632 :: 		
0x0147	0x0DF1      	RLF        R1, 1
;__Lib_Math.c,1634 :: 		
0x0148	0x0BFC      	DECFSZ     R12, 1
;__Lib_Math.c,1635 :: 		
0x0149	0x291B      	GOTO       LOOPU3232C
;__Lib_Math.c,1637 :: 		
0x014A	0x0D70      	RLF        R0, 0
;__Lib_Math.c,1638 :: 		
0x014B	0x0DF8      	RLF        R8, 1
;__Lib_Math.c,1639 :: 		
0x014C	0x0DF9      	RLF        R9, 1
;__Lib_Math.c,1640 :: 		
0x014D	0x0DFA      	RLF        R10, 1
;__Lib_Math.c,1641 :: 		
0x014E	0x0DFB      	RLF        R11, 1
;__Lib_Math.c,1642 :: 		
0x014F	0x0DA0      	RLF        ___math_tempb, 1
;__Lib_Math.c,1643 :: 		
0x0150	0x0874      	MOVF       R4, 0
;__Lib_Math.c,1644 :: 		
0x0151	0x1C71      	BTFSS      R1, 0
;__Lib_Math.c,1645 :: 		
0x0152	0x2965      	GOTO       UADD22L24
;__Lib_Math.c,1647 :: 		
0x0153	0x02F8      	SUBWF      R8, 1
;__Lib_Math.c,1648 :: 		
0x0154	0x0875      	MOVF       R5, 0
;__Lib_Math.c,1649 :: 		
0x0155	0x1C03      	BTFSS      STATUS, 0
;__Lib_Math.c,1650 :: 		
0x0156	0x0F75      	INCFSZ     R5, 0
;__Lib_Math.c,1651 :: 		
0x0157	0x02F9      	SUBWF      R9, 1
;__Lib_Math.c,1652 :: 		
0x0158	0x0876      	MOVF       R6, 0
;__Lib_Math.c,1653 :: 		
0x0159	0x1C03      	BTFSS      STATUS, 0
;__Lib_Math.c,1654 :: 		
0x015A	0x0F76      	INCFSZ     R6, 0
;__Lib_Math.c,1655 :: 		
0x015B	0x02FA      	SUBWF      R10, 1
;__Lib_Math.c,1656 :: 		
0x015C	0x0877      	MOVF       R7, 0
;__Lib_Math.c,1657 :: 		
0x015D	0x1C03      	BTFSS      STATUS, 0
;__Lib_Math.c,1658 :: 		
0x015E	0x0F77      	INCFSZ     R7, 0
;__Lib_Math.c,1659 :: 		
0x015F	0x02FB      	SUBWF      R11, 1
;__Lib_Math.c,1660 :: 		
0x0160	0x0100      	CLRW
;__Lib_Math.c,1661 :: 		
0x0161	0x1C03      	BTFSS      STATUS, 0
;__Lib_Math.c,1662 :: 		
0x0162	0x3001      	MOVLW      1
;__Lib_Math.c,1663 :: 		
0x0163	0x02A0      	SUBWF      ___math_tempb, 1
;__Lib_Math.c,1664 :: 		
0x0164	0x2976      	GOTO       UOK22L24
;__Lib_Math.c,1666 :: 		
UADD22L24:
;__Lib_Math.c,1667 :: 		
0x0165	0x07F8      	ADDWF      R8, 1
;__Lib_Math.c,1668 :: 		
0x0166	0x0875      	MOVF       R5, 0
;__Lib_Math.c,1669 :: 		
0x0167	0x1803      	BTFSC      STATUS, 0
;__Lib_Math.c,1670 :: 		
0x0168	0x0F75      	INCFSZ     R5, 0
;__Lib_Math.c,1671 :: 		
0x0169	0x07F9      	ADDWF      R9, 1
;__Lib_Math.c,1672 :: 		
0x016A	0x0876      	MOVF       R6, 0
;__Lib_Math.c,1673 :: 		
0x016B	0x1803      	BTFSC      STATUS, 0
;__Lib_Math.c,1674 :: 		
0x016C	0x0F76      	INCFSZ     R6, 0
;__Lib_Math.c,1675 :: 		
0x016D	0x07FA      	ADDWF      R10, 1
;__Lib_Math.c,1676 :: 		
0x016E	0x0877      	MOVF       R7, 0
;__Lib_Math.c,1677 :: 		
0x016F	0x1803      	BTFSC      STATUS, 0
;__Lib_Math.c,1678 :: 		
0x0170	0x0F77      	INCFSZ     R7, 0
;__Lib_Math.c,1679 :: 		
0x0171	0x07FB      	ADDWF      R11, 1
;__Lib_Math.c,1680 :: 		
0x0172	0x0100      	CLRW
;__Lib_Math.c,1681 :: 		
0x0173	0x1803      	BTFSC      STATUS, 0
;__Lib_Math.c,1682 :: 		
0x0174	0x3001      	MOVLW      1
;__Lib_Math.c,1683 :: 		
0x0175	0x07A0      	ADDWF      ___math_tempb, 1
;__Lib_Math.c,1685 :: 		
UOK22L24:
;__Lib_Math.c,1686 :: 		
0x0176	0x0DF0      	RLF        R0, 1
;__Lib_Math.c,1688 :: 		
0x0177	0x3007      	MOVLW      7
;__Lib_Math.c,1689 :: 		
0x0178	0x00FC      	MOVWF      R12
;__Lib_Math.c,1691 :: 		
LOOPU3232D:
;__Lib_Math.c,1692 :: 		
0x0179	0x0D70      	RLF        R0, 0
;__Lib_Math.c,1693 :: 		
0x017A	0x0DF8      	RLF        R8, 1
;__Lib_Math.c,1694 :: 		
0x017B	0x0DF9      	RLF        R9, 1
;__Lib_Math.c,1695 :: 		
0x017C	0x0DFA      	RLF        R10, 1
;__Lib_Math.c,1696 :: 		
0x017D	0x0DFB      	RLF        R11, 1
;__Lib_Math.c,1697 :: 		
0x017E	0x0DA0      	RLF        ___math_tempb, 1
;__Lib_Math.c,1698 :: 		
0x017F	0x0874      	MOVF       R4, 0
;__Lib_Math.c,1699 :: 		
0x0180	0x1C70      	BTFSS      R0, 0
;__Lib_Math.c,1700 :: 		
0x0181	0x2994      	GOTO       UADD22LD
;__Lib_Math.c,1702 :: 		
0x0182	0x02F8      	SUBWF      R8, 1
;__Lib_Math.c,1703 :: 		
0x0183	0x0875      	MOVF       R5, 0
;__Lib_Math.c,1704 :: 		
0x0184	0x1C03      	BTFSS      STATUS, 0
;__Lib_Math.c,1705 :: 		
0x0185	0x0F75      	INCFSZ     R5, 0
;__Lib_Math.c,1706 :: 		
0x0186	0x02F9      	SUBWF      R9, 1
;__Lib_Math.c,1707 :: 		
0x0187	0x0876      	MOVF       R6, 0
;__Lib_Math.c,1708 :: 		
0x0188	0x1C03      	BTFSS      STATUS, 0
;__Lib_Math.c,1709 :: 		
0x0189	0x0F76      	INCFSZ     R6, 0
;__Lib_Math.c,1710 :: 		
0x018A	0x02FA      	SUBWF      R10, 1
;__Lib_Math.c,1711 :: 		
0x018B	0x0877      	MOVF       R7, 0
;__Lib_Math.c,1712 :: 		
0x018C	0x1C03      	BTFSS      STATUS, 0
;__Lib_Math.c,1713 :: 		
0x018D	0x0F77      	INCFSZ     R7, 0
;__Lib_Math.c,1714 :: 		
0x018E	0x02FB      	SUBWF      R11, 1
;__Lib_Math.c,1715 :: 		
0x018F	0x0100      	CLRW
;__Lib_Math.c,1716 :: 		
0x0190	0x1C03      	BTFSS      STATUS, 0
;__Lib_Math.c,1717 :: 		
0x0191	0x3001      	MOVLW      1
;__Lib_Math.c,1718 :: 		
0x0192	0x02A0      	SUBWF      ___math_tempb, 1
;__Lib_Math.c,1719 :: 		
0x0193	0x29A5      	GOTO       UOK22LD
;__Lib_Math.c,1721 :: 		
UADD22LD:
;__Lib_Math.c,1722 :: 		
0x0194	0x07F8      	ADDWF      R8, 1
;__Lib_Math.c,1723 :: 		
0x0195	0x0875      	MOVF       R5, 0
;__Lib_Math.c,1724 :: 		
0x0196	0x1803      	BTFSC      STATUS, 0
;__Lib_Math.c,1725 :: 		
0x0197	0x0F75      	INCFSZ     R5, 0
;__Lib_Math.c,1726 :: 		
0x0198	0x07F9      	ADDWF      R9, 1
;__Lib_Math.c,1727 :: 		
0x0199	0x0876      	MOVF       R6, 0
;__Lib_Math.c,1728 :: 		
0x019A	0x1803      	BTFSC      STATUS, 0
;__Lib_Math.c,1729 :: 		
0x019B	0x0F76      	INCFSZ     R6, 0
;__Lib_Math.c,1730 :: 		
0x019C	0x07FA      	ADDWF      R10, 1
;__Lib_Math.c,1731 :: 		
0x019D	0x0877      	MOVF       R7, 0
;__Lib_Math.c,1732 :: 		
0x019E	0x1803      	BTFSC      STATUS, 0
;__Lib_Math.c,1733 :: 		
0x019F	0x0F77      	INCFSZ     R7, 0
;__Lib_Math.c,1734 :: 		
0x01A0	0x07FB      	ADDWF      R11, 1
;__Lib_Math.c,1735 :: 		
0x01A1	0x0100      	CLRW
;__Lib_Math.c,1736 :: 		
0x01A2	0x1803      	BTFSC      STATUS, 0
;__Lib_Math.c,1737 :: 		
0x01A3	0x3001      	MOVLW      1
;__Lib_Math.c,1738 :: 		
0x01A4	0x07A0      	ADDWF      ___math_tempb, 1
;__Lib_Math.c,1740 :: 		
UOK22LD:
;__Lib_Math.c,1741 :: 		
0x01A5	0x0DF0      	RLF        R0, 1
;__Lib_Math.c,1743 :: 		
0x01A6	0x0BFC      	DECFSZ     R12, 1
;__Lib_Math.c,1744 :: 		
0x01A7	0x2979      	GOTO       LOOPU3232D
;__Lib_Math.c,1746 :: 		
0x01A8	0x1870      	BTFSC      R0, 0
;__Lib_Math.c,1747 :: 		
0x01A9	0x29B8      	GOTO       UOK22L
;__Lib_Math.c,1748 :: 		
0x01AA	0x0874      	MOVF       R4, 0
;__Lib_Math.c,1749 :: 		
0x01AB	0x07F8      	ADDWF      R8, 1
;__Lib_Math.c,1750 :: 		
0x01AC	0x0875      	MOVF       R5, 0
;__Lib_Math.c,1751 :: 		
0x01AD	0x1803      	BTFSC      STATUS, 0
;__Lib_Math.c,1752 :: 		
0x01AE	0x0F75      	INCFSZ     R5, 0
;__Lib_Math.c,1753 :: 		
0x01AF	0x07F9      	ADDWF      R9, 1
;__Lib_Math.c,1754 :: 		
0x01B0	0x0876      	MOVF       R6, 0
;__Lib_Math.c,1755 :: 		
0x01B1	0x1803      	BTFSC      STATUS, 0
;__Lib_Math.c,1756 :: 		
0x01B2	0x0F76      	INCFSZ     R6, 0
;__Lib_Math.c,1757 :: 		
0x01B3	0x07FA      	ADDWF      R10, 1
;__Lib_Math.c,1758 :: 		
0x01B4	0x0877      	MOVF       R7, 0
;__Lib_Math.c,1759 :: 		
0x01B5	0x1803      	BTFSC      STATUS, 0
;__Lib_Math.c,1760 :: 		
0x01B6	0x0F77      	INCFSZ     R7, 0
;__Lib_Math.c,1761 :: 		
0x01B7	0x07FB      	ADDWF      R11, 1
;__Lib_Math.c,1763 :: 		
UOK22L:
;__Lib_Math.c,1766 :: 		
L_end_Div_32x32_U:
0x01B8	0x0008      	RETURN
; end of _Div_32x32_U
___CC2DW:
;__Lib_System.c,134 :: 		
;__Lib_System.c,137 :: 		
_CC2D_Loop1:
;__Lib_System.c,139 :: 		
0x01B9	0x2003      	CALL       _____DoICP
0x01BA	0x118A      	BCF        PCLATH, 3
0x01BB	0x120A      	BCF        PCLATH, 4
;__Lib_System.c,141 :: 		
0x01BC	0x0080      	MOVWF      INDF
;__Lib_System.c,142 :: 		
0x01BD	0x0A84      	INCF       FSR, 1
;__Lib_System.c,143 :: 		
0x01BE	0x0AA1      	INCF       ___DoICPAddr, 1
;__Lib_System.c,145 :: 		
0x01BF	0x1903      	BTFSC      STATUS, 2
;__Lib_System.c,146 :: 		
0x01C0	0x0AA2      	INCF       ___DoICPAddr+1, 1
;__Lib_System.c,147 :: 		
0x01C1	0x03F0      	DECF       R0, 1
;__Lib_System.c,149 :: 		
0x01C2	0x1D03      	BTFSS      STATUS, 2
;__Lib_System.c,150 :: 		
0x01C3	0x29B9      	GOTO       _CC2D_Loop1
;__Lib_System.c,152 :: 		
L_end___CC2DW:
0x01C4	0x0008      	RETURN
; end of ___CC2DW
_Rotation180:
;ATRESSUBMIT.c,317 :: 		void Rotation180(){//180 degrees
;ATRESSUBMIT.c,318 :: 		for(i=0;i<50 ;i++)
0x01C5	0x1283      	BCF        STATUS, 5
0x01C6	0x1303      	BCF        STATUS, 6
0x01C7	0x01A3      	CLRF       _i
0x01C8	0x01A4      	CLRF       _i+1
L_Rotation180148:
0x01C9	0x3000      	MOVLW      0
0x01CA	0x0224      	SUBWF      _i+1, 0
0x01CB	0x1D03      	BTFSS      STATUS, 2
0x01CC	0x29CF      	GOTO       L__Rotation180218
0x01CD	0x3032      	MOVLW      50
0x01CE	0x0223      	SUBWF      _i, 0
L__Rotation180218:
0x01CF	0x1803      	BTFSC      STATUS, 0
0x01D0	0x29EB      	GOTO       L_Rotation180149
;ATRESSUBMIT.c,320 :: 		PORTD = PORTD | 0x10;
0x01D1	0x1608      	BSF        PORTD, 4
;ATRESSUBMIT.c,321 :: 		Delay_us(2200);
0x01D2	0x3006      	MOVLW      6
0x01D3	0x00FC      	MOVWF      R12
0x01D4	0x30B5      	MOVLW      181
0x01D5	0x00FD      	MOVWF      R13
L_Rotation180151:
0x01D6	0x0BFD      	DECFSZ     R13, 1
0x01D7	0x29D6      	GOTO       L_Rotation180151
0x01D8	0x0BFC      	DECFSZ     R12, 1
0x01D9	0x29D6      	GOTO       L_Rotation180151
0x01DA	0x0000      	NOP
0x01DB	0x0000      	NOP
;ATRESSUBMIT.c,322 :: 		PORTD = PORTD & 0xEF;
0x01DC	0x30EF      	MOVLW      239
0x01DD	0x0588      	ANDWF      PORTD, 1
;ATRESSUBMIT.c,323 :: 		Delay_us(17800);
0x01DE	0x302F      	MOVLW      47
0x01DF	0x00FC      	MOVWF      R12
0x01E0	0x303A      	MOVLW      58
0x01E1	0x00FD      	MOVWF      R13
L_Rotation180152:
0x01E2	0x0BFD      	DECFSZ     R13, 1
0x01E3	0x29E2      	GOTO       L_Rotation180152
0x01E4	0x0BFC      	DECFSZ     R12, 1
0x01E5	0x29E2      	GOTO       L_Rotation180152
0x01E6	0x0000      	NOP
;ATRESSUBMIT.c,318 :: 		for(i=0;i<50 ;i++)
0x01E7	0x0AA3      	INCF       _i, 1
0x01E8	0x1903      	BTFSC      STATUS, 2
0x01E9	0x0AA4      	INCF       _i+1, 1
;ATRESSUBMIT.c,324 :: 		}
0x01EA	0x29C9      	GOTO       L_Rotation180148
L_Rotation180149:
;ATRESSUBMIT.c,325 :: 		}
L_end_Rotation180:
0x01EB	0x0008      	RETURN
; end of _Rotation180
_read_sonar:
;ATRESSUBMIT.c,218 :: 		void read_sonar(void){
;ATRESSUBMIT.c,220 :: 		T1overflow=0;
0x01EC	0x1283      	BCF        STATUS, 5
0x01ED	0x1303      	BCF        STATUS, 6
0x01EE	0x01B1      	CLRF       _T1overflow
0x01EF	0x01B2      	CLRF       _T1overflow+1
;ATRESSUBMIT.c,221 :: 		TMR1H=0;
0x01F0	0x018F      	CLRF       TMR1H
;ATRESSUBMIT.c,222 :: 		TMR1L=0;
0x01F1	0x018E      	CLRF       TMR1L
;ATRESSUBMIT.c,224 :: 		PORTB=0x04;//Trigger the ultrasonic sensor (RB2 connected to trigger)
0x01F2	0x3004      	MOVLW      4
0x01F3	0x0086      	MOVWF      PORTB
;ATRESSUBMIT.c,225 :: 		Delay_us(10);//keep trigger for 10uS
0x01F4	0x3006      	MOVLW      6
0x01F5	0x00FD      	MOVWF      R13
L_read_sonar122:
0x01F6	0x0BFD      	DECFSZ     R13, 1
0x01F7	0x29F6      	GOTO       L_read_sonar122
0x01F8	0x0000      	NOP
;ATRESSUBMIT.c,226 :: 		PORTB=0x00;//Remove trigger
0x01F9	0x0186      	CLRF       PORTB
;ATRESSUBMIT.c,227 :: 		while(!(PORTB&0x02));
L_read_sonar123:
0x01FA	0x1886      	BTFSC      PORTB, 1
0x01FB	0x29FD      	GOTO       L_read_sonar124
0x01FC	0x29FA      	GOTO       L_read_sonar123
L_read_sonar124:
;ATRESSUBMIT.c,228 :: 		T1CON=0x19;
0x01FD	0x3019      	MOVLW      25
0x01FE	0x0090      	MOVWF      T1CON
;ATRESSUBMIT.c,229 :: 		while(PORTB&0x02);
L_read_sonar125:
0x01FF	0x1C86      	BTFSS      PORTB, 1
0x0200	0x2A02      	GOTO       L_read_sonar126
0x0201	0x29FF      	GOTO       L_read_sonar125
L_read_sonar126:
;ATRESSUBMIT.c,230 :: 		T1CON=0x18;
0x0202	0x3018      	MOVLW      24
0x0203	0x0090      	MOVWF      T1CON
;ATRESSUBMIT.c,231 :: 		T1counts=((TMR1H<<8)|TMR1L)+(T1overflow*65536);
0x0204	0x080F      	MOVF       TMR1H, 0
0x0205	0x00F1      	MOVWF      R0+1
0x0206	0x01F0      	CLRF       R0
0x0207	0x080E      	MOVF       TMR1L, 0
0x0208	0x0470      	IORWF      R0, 0
0x0209	0x00F5      	MOVWF      R5
0x020A	0x0871      	MOVF       R0+1, 0
0x020B	0x00F6      	MOVWF      R5+1
0x020C	0x3000      	MOVLW      0
0x020D	0x04F6      	IORWF      R5+1, 1
0x020E	0x0832      	MOVF       _T1overflow+1, 0
0x020F	0x00F3      	MOVWF      R0+3
0x0210	0x0831      	MOVF       _T1overflow, 0
0x0211	0x00F2      	MOVWF      R0+2
0x0212	0x01F0      	CLRF       R0
0x0213	0x01F1      	CLRF       R0+1
0x0214	0x0875      	MOVF       R5, 0
0x0215	0x00AD      	MOVWF      _T1counts
0x0216	0x0876      	MOVF       R5+1, 0
0x0217	0x00AE      	MOVWF      _T1counts+1
0x0218	0x01AF      	CLRF       _T1counts+2
0x0219	0x01B0      	CLRF       _T1counts+3
0x021A	0x0870      	MOVF       R0, 0
0x021B	0x07AD      	ADDWF      _T1counts, 1
0x021C	0x0871      	MOVF       R0+1, 0
0x021D	0x1803      	BTFSC      STATUS, 0
0x021E	0x0F71      	INCFSZ     R0+1, 0
0x021F	0x07AE      	ADDWF      _T1counts+1, 1
0x0220	0x0872      	MOVF       R0+2, 0
0x0221	0x1803      	BTFSC      STATUS, 0
0x0222	0x0F72      	INCFSZ     R0+2, 0
0x0223	0x07AF      	ADDWF      _T1counts+2, 1
0x0224	0x0873      	MOVF       R0+3, 0
0x0225	0x1803      	BTFSC      STATUS, 0
0x0226	0x0F73      	INCFSZ     R0+3, 0
0x0227	0x07B0      	ADDWF      _T1counts+3, 1
;ATRESSUBMIT.c,232 :: 		if(TMR1L>100) PORTC=0xFF;
0x0228	0x080E      	MOVF       TMR1L, 0
0x0229	0x3C64      	SUBLW      100
0x022A	0x1803      	BTFSC      STATUS, 0
0x022B	0x2A2E      	GOTO       L_read_sonar127
0x022C	0x30FF      	MOVLW      255
0x022D	0x0087      	MOVWF      PORTC
L_read_sonar127:
;ATRESSUBMIT.c,233 :: 		T1time=T1counts;//in microseconds
0x022E	0x082D      	MOVF       _T1counts, 0
0x022F	0x00A9      	MOVWF      _T1time
0x0230	0x082E      	MOVF       _T1counts+1, 0
0x0231	0x00AA      	MOVWF      _T1time+1
0x0232	0x082F      	MOVF       _T1counts+2, 0
0x0233	0x00AB      	MOVWF      _T1time+2
0x0234	0x0830      	MOVF       _T1counts+3, 0
0x0235	0x00AC      	MOVWF      _T1time+3
;ATRESSUBMIT.c,234 :: 		Distance=((T1time*34)/(1000))/2;
0x0236	0x082D      	MOVF       _T1counts, 0
0x0237	0x00F0      	MOVWF      R0
0x0238	0x082E      	MOVF       _T1counts+1, 0
0x0239	0x00F1      	MOVWF      R0+1
0x023A	0x082F      	MOVF       _T1counts+2, 0
0x023B	0x00F2      	MOVWF      R0+2
0x023C	0x0830      	MOVF       _T1counts+3, 0
0x023D	0x00F3      	MOVWF      R0+3
0x023E	0x3022      	MOVLW      34
0x023F	0x00F4      	MOVWF      R4
0x0240	0x01F5      	CLRF       R4+1
0x0241	0x01F6      	CLRF       R4+2
0x0242	0x01F7      	CLRF       R4+3
0x0243	0x200A      	CALL       _Mul_32x32_U
0x0244	0x30E8      	MOVLW      232
0x0245	0x00F4      	MOVWF      R4
0x0246	0x3003      	MOVLW      3
0x0247	0x00F5      	MOVWF      R4+1
0x0248	0x01F6      	CLRF       R4+2
0x0249	0x01F7      	CLRF       R4+3
0x024A	0x2041      	CALL       _Div_32x32_U
0x024B	0x0870      	MOVF       R0, 0
0x024C	0x00A5      	MOVWF      _Distance
0x024D	0x0871      	MOVF       R0+1, 0
0x024E	0x00A6      	MOVWF      _Distance+1
0x024F	0x0872      	MOVF       R0+2, 0
0x0250	0x00A7      	MOVWF      _Distance+2
0x0251	0x0873      	MOVF       R0+3, 0
0x0252	0x00A8      	MOVWF      _Distance+3
0x0253	0x0CA8      	RRF        _Distance+3, 1
0x0254	0x0CA7      	RRF        _Distance+2, 1
0x0255	0x0CA6      	RRF        _Distance+1, 1
0x0256	0x0CA5      	RRF        _Distance, 1
0x0257	0x13A8      	BCF        _Distance+3, 7
;ATRESSUBMIT.c,235 :: 		}
L_end_read_sonar:
0x0258	0x0008      	RETURN
; end of _read_sonar
_Rotation0:
;ATRESSUBMIT.c,279 :: 		void Rotation0(){//0 degrees
;ATRESSUBMIT.c,280 :: 		for(i=0;i<50 ;i++)
0x0259	0x1283      	BCF        STATUS, 5
0x025A	0x1303      	BCF        STATUS, 6
0x025B	0x01A3      	CLRF       _i
0x025C	0x01A4      	CLRF       _i+1
L_Rotation0128:
0x025D	0x3000      	MOVLW      0
0x025E	0x0224      	SUBWF      _i+1, 0
0x025F	0x1D03      	BTFSS      STATUS, 2
0x0260	0x2A63      	GOTO       L__Rotation0210
0x0261	0x3032      	MOVLW      50
0x0262	0x0223      	SUBWF      _i, 0
L__Rotation0210:
0x0263	0x1803      	BTFSC      STATUS, 0
0x0264	0x2A7A      	GOTO       L_Rotation0129
;ATRESSUBMIT.c,282 :: 		PORTD = PORTD | 0x10;
0x0265	0x1608      	BSF        PORTD, 4
;ATRESSUBMIT.c,283 :: 		Delay_us(200);
0x0266	0x3085      	MOVLW      133
0x0267	0x00FD      	MOVWF      R13
L_Rotation0131:
0x0268	0x0BFD      	DECFSZ     R13, 1
0x0269	0x2A68      	GOTO       L_Rotation0131
;ATRESSUBMIT.c,284 :: 		PORTD = PORTD & 0xEF;
0x026A	0x30EF      	MOVLW      239
0x026B	0x0588      	ANDWF      PORTD, 1
;ATRESSUBMIT.c,285 :: 		Delay_us(19200);
0x026C	0x3032      	MOVLW      50
0x026D	0x00FC      	MOVWF      R12
0x026E	0x30DD      	MOVLW      221
0x026F	0x00FD      	MOVWF      R13
L_Rotation0132:
0x0270	0x0BFD      	DECFSZ     R13, 1
0x0271	0x2A70      	GOTO       L_Rotation0132
0x0272	0x0BFC      	DECFSZ     R12, 1
0x0273	0x2A70      	GOTO       L_Rotation0132
0x0274	0x0000      	NOP
0x0275	0x0000      	NOP
;ATRESSUBMIT.c,280 :: 		for(i=0;i<50 ;i++)
0x0276	0x0AA3      	INCF       _i, 1
0x0277	0x1903      	BTFSC      STATUS, 2
0x0278	0x0AA4      	INCF       _i+1, 1
;ATRESSUBMIT.c,286 :: 		}
0x0279	0x2A5D      	GOTO       L_Rotation0128
L_Rotation0129:
;ATRESSUBMIT.c,287 :: 		}
L_end_Rotation0:
0x027A	0x0008      	RETURN
; end of _Rotation0
_DCmotor_forward:
;ATRESSUBMIT.c,252 :: 		void DCmotor_forward() {
;ATRESSUBMIT.c,253 :: 		PORTA = PORTA | 0x02;//PORTA1 is 1
0x027B	0x1283      	BCF        STATUS, 5
0x027C	0x1303      	BCF        STATUS, 6
0x027D	0x1485      	BSF        PORTA, 1
;ATRESSUBMIT.c,254 :: 		PORTA = PORTA & 0xFB;//PORTA2 is 0
0x027E	0x30FB      	MOVLW      251
0x027F	0x0585      	ANDWF      PORTA, 1
;ATRESSUBMIT.c,255 :: 		PORTA = PORTA | 0x08;//PORTA3 is 1
0x0280	0x1585      	BSF        PORTA, 3
;ATRESSUBMIT.c,256 :: 		PORTA = PORTA & 0xEF;//PORTA4 is 0
0x0281	0x30EF      	MOVLW      239
0x0282	0x0585      	ANDWF      PORTA, 1
;ATRESSUBMIT.c,257 :: 		PORTA = PORTA | 0x20;//PORTA5 is 1
0x0283	0x1685      	BSF        PORTA, 5
;ATRESSUBMIT.c,258 :: 		PORTD = PORTD & 0xDF;//PORTD5 is 0
0x0284	0x30DF      	MOVLW      223
0x0285	0x0588      	ANDWF      PORTD, 1
;ATRESSUBMIT.c,259 :: 		PORTD = PORTD | 0x40;//PORTD6 is 1
0x0286	0x1708      	BSF        PORTD, 6
;ATRESSUBMIT.c,260 :: 		PORTD = PORTD & 0x7F;//PORTD7 is 0
0x0287	0x307F      	MOVLW      127
0x0288	0x0588      	ANDWF      PORTD, 1
;ATRESSUBMIT.c,261 :: 		}
L_end_DCmotor_forward:
0x0289	0x0008      	RETURN
; end of _DCmotor_forward
_init_sonar:
;ATRESSUBMIT.c,237 :: 		void init_sonar(void){
;ATRESSUBMIT.c,238 :: 		T1overflow=0;
0x028A	0x1283      	BCF        STATUS, 5
0x028B	0x1303      	BCF        STATUS, 6
0x028C	0x01B1      	CLRF       _T1overflow
0x028D	0x01B2      	CLRF       _T1overflow+1
;ATRESSUBMIT.c,239 :: 		T1counts=0;
0x028E	0x01AD      	CLRF       _T1counts
0x028F	0x01AE      	CLRF       _T1counts+1
0x0290	0x01AF      	CLRF       _T1counts+2
0x0291	0x01B0      	CLRF       _T1counts+3
;ATRESSUBMIT.c,240 :: 		T1time=0;
0x0292	0x01A9      	CLRF       _T1time
0x0293	0x01AA      	CLRF       _T1time+1
0x0294	0x01AB      	CLRF       _T1time+2
0x0295	0x01AC      	CLRF       _T1time+3
;ATRESSUBMIT.c,241 :: 		Distance=0;
0x0296	0x01A5      	CLRF       _Distance
0x0297	0x01A6      	CLRF       _Distance+1
0x0298	0x01A7      	CLRF       _Distance+2
0x0299	0x01A8      	CLRF       _Distance+3
;ATRESSUBMIT.c,242 :: 		TMR1H=0;
0x029A	0x018F      	CLRF       TMR1H
;ATRESSUBMIT.c,243 :: 		TMR1L=0;
0x029B	0x018E      	CLRF       TMR1L
;ATRESSUBMIT.c,244 :: 		TRISB=0x02; //RB2 for trigger, RB1 for echo
0x029C	0x3002      	MOVLW      2
0x029D	0x1683      	BSF        STATUS, 5
0x029E	0x0086      	MOVWF      TRISB
;ATRESSUBMIT.c,245 :: 		PORTB=0x00;
0x029F	0x1283      	BCF        STATUS, 5
0x02A0	0x0186      	CLRF       PORTB
;ATRESSUBMIT.c,246 :: 		INTCON=INTCON|0xC0;//GIE and PIE
0x02A1	0x30C0      	MOVLW      192
0x02A2	0x048B      	IORWF      INTCON, 1
;ATRESSUBMIT.c,247 :: 		PIE1=PIE1|0x01;// Enable TMR1 Overflow interrupt
0x02A3	0x1683      	BSF        STATUS, 5
0x02A4	0x140C      	BSF        PIE1, 0
;ATRESSUBMIT.c,249 :: 		T1CON=0x18;
0x02A5	0x3018      	MOVLW      24
0x02A6	0x1283      	BCF        STATUS, 5
0x02A7	0x0090      	MOVWF      T1CON
;ATRESSUBMIT.c,250 :: 		}
L_end_init_sonar:
0x02A8	0x0008      	RETURN
; end of _init_sonar
_Rotation90:
;ATRESSUBMIT.c,297 :: 		void Rotation90()//90 Degree
;ATRESSUBMIT.c,299 :: 		for(i=0;i<50;i++)
0x02A9	0x1283      	BCF        STATUS, 5
0x02AA	0x1303      	BCF        STATUS, 6
0x02AB	0x01A3      	CLRF       _i
0x02AC	0x01A4      	CLRF       _i+1
L_Rotation90138:
0x02AD	0x3000      	MOVLW      0
0x02AE	0x0224      	SUBWF      _i+1, 0
0x02AF	0x1D03      	BTFSS      STATUS, 2
0x02B0	0x2AB3      	GOTO       L__Rotation90214
0x02B1	0x3032      	MOVLW      50
0x02B2	0x0223      	SUBWF      _i, 0
L__Rotation90214:
0x02B3	0x1803      	BTFSC      STATUS, 0
0x02B4	0x2AD0      	GOTO       L_Rotation90139
;ATRESSUBMIT.c,301 :: 		PORTD = PORTD | 0x10;
0x02B5	0x1608      	BSF        PORTD, 4
;ATRESSUBMIT.c,302 :: 		Delay_us(1400);
0x02B6	0x3004      	MOVLW      4
0x02B7	0x00FC      	MOVWF      R12
0x02B8	0x30A1      	MOVLW      161
0x02B9	0x00FD      	MOVWF      R13
L_Rotation90141:
0x02BA	0x0BFD      	DECFSZ     R13, 1
0x02BB	0x2ABA      	GOTO       L_Rotation90141
0x02BC	0x0BFC      	DECFSZ     R12, 1
0x02BD	0x2ABA      	GOTO       L_Rotation90141
0x02BE	0x0000      	NOP
0x02BF	0x0000      	NOP
;ATRESSUBMIT.c,303 :: 		PORTD = PORTD & 0xEF;
0x02C0	0x30EF      	MOVLW      239
0x02C1	0x0588      	ANDWF      PORTD, 1
;ATRESSUBMIT.c,304 :: 		Delay_us(18500);
0x02C2	0x3031      	MOVLW      49
0x02C3	0x00FC      	MOVWF      R12
0x02C4	0x300B      	MOVLW      11
0x02C5	0x00FD      	MOVWF      R13
L_Rotation90142:
0x02C6	0x0BFD      	DECFSZ     R13, 1
0x02C7	0x2AC6      	GOTO       L_Rotation90142
0x02C8	0x0BFC      	DECFSZ     R12, 1
0x02C9	0x2AC6      	GOTO       L_Rotation90142
0x02CA	0x0000      	NOP
0x02CB	0x0000      	NOP
;ATRESSUBMIT.c,299 :: 		for(i=0;i<50;i++)
0x02CC	0x0AA3      	INCF       _i, 1
0x02CD	0x1903      	BTFSC      STATUS, 2
0x02CE	0x0AA4      	INCF       _i+1, 1
;ATRESSUBMIT.c,305 :: 		}
0x02CF	0x2AAD      	GOTO       L_Rotation90138
L_Rotation90139:
;ATRESSUBMIT.c,306 :: 		}
L_end_Rotation90:
0x02D0	0x0008      	RETURN
; end of _Rotation90
_stepper_bullet1:
;ATRESSUBMIT.c,327 :: 		void stepper_bullet1(){
;ATRESSUBMIT.c,328 :: 		PORTD = PORTD | 0x03;
0x02D1	0x3003      	MOVLW      3
0x02D2	0x1283      	BCF        STATUS, 5
0x02D3	0x1303      	BCF        STATUS, 6
0x02D4	0x0488      	IORWF      PORTD, 1
;ATRESSUBMIT.c,329 :: 		PORTD = PORTD & 0xF3;
0x02D5	0x30F3      	MOVLW      243
0x02D6	0x0588      	ANDWF      PORTD, 1
;ATRESSUBMIT.c,330 :: 		Delay_ms(5);
0x02D7	0x300D      	MOVLW      13
0x02D8	0x00FC      	MOVWF      R12
0x02D9	0x30FB      	MOVLW      251
0x02DA	0x00FD      	MOVWF      R13
L_stepper_bullet1153:
0x02DB	0x0BFD      	DECFSZ     R13, 1
0x02DC	0x2ADB      	GOTO       L_stepper_bullet1153
0x02DD	0x0BFC      	DECFSZ     R12, 1
0x02DE	0x2ADB      	GOTO       L_stepper_bullet1153
0x02DF	0x0000      	NOP
0x02E0	0x0000      	NOP
;ATRESSUBMIT.c,331 :: 		PORTD = PORTD & 0xF6;
0x02E1	0x30F6      	MOVLW      246
0x02E2	0x0588      	ANDWF      PORTD, 1
;ATRESSUBMIT.c,332 :: 		PORTD = PORTD | 0x06;
0x02E3	0x3006      	MOVLW      6
0x02E4	0x0488      	IORWF      PORTD, 1
;ATRESSUBMIT.c,333 :: 		Delay_ms(5);
0x02E5	0x300D      	MOVLW      13
0x02E6	0x00FC      	MOVWF      R12
0x02E7	0x30FB      	MOVLW      251
0x02E8	0x00FD      	MOVWF      R13
L_stepper_bullet1154:
0x02E9	0x0BFD      	DECFSZ     R13, 1
0x02EA	0x2AE9      	GOTO       L_stepper_bullet1154
0x02EB	0x0BFC      	DECFSZ     R12, 1
0x02EC	0x2AE9      	GOTO       L_stepper_bullet1154
0x02ED	0x0000      	NOP
0x02EE	0x0000      	NOP
;ATRESSUBMIT.c,334 :: 		PORTD = PORTD & 0xFC;
0x02EF	0x30FC      	MOVLW      252
0x02F0	0x0588      	ANDWF      PORTD, 1
;ATRESSUBMIT.c,335 :: 		PORTD = PORTD | 0x0C;
0x02F1	0x300C      	MOVLW      12
0x02F2	0x0488      	IORWF      PORTD, 1
;ATRESSUBMIT.c,336 :: 		Delay_ms(5);
0x02F3	0x300D      	MOVLW      13
0x02F4	0x00FC      	MOVWF      R12
0x02F5	0x30FB      	MOVLW      251
0x02F6	0x00FD      	MOVWF      R13
L_stepper_bullet1155:
0x02F7	0x0BFD      	DECFSZ     R13, 1
0x02F8	0x2AF7      	GOTO       L_stepper_bullet1155
0x02F9	0x0BFC      	DECFSZ     R12, 1
0x02FA	0x2AF7      	GOTO       L_stepper_bullet1155
0x02FB	0x0000      	NOP
0x02FC	0x0000      	NOP
;ATRESSUBMIT.c,337 :: 		PORTD = PORTD & 0xF9;
0x02FD	0x30F9      	MOVLW      249
0x02FE	0x0588      	ANDWF      PORTD, 1
;ATRESSUBMIT.c,338 :: 		PORTD = PORTD | 0x09;
0x02FF	0x3009      	MOVLW      9
0x0300	0x0488      	IORWF      PORTD, 1
;ATRESSUBMIT.c,339 :: 		Delay_ms(5);
0x0301	0x300D      	MOVLW      13
0x0302	0x00FC      	MOVWF      R12
0x0303	0x30FB      	MOVLW      251
0x0304	0x00FD      	MOVWF      R13
L_stepper_bullet1156:
0x0305	0x0BFD      	DECFSZ     R13, 1
0x0306	0x2B05      	GOTO       L_stepper_bullet1156
0x0307	0x0BFC      	DECFSZ     R12, 1
0x0308	0x2B05      	GOTO       L_stepper_bullet1156
0x0309	0x0000      	NOP
0x030A	0x0000      	NOP
;ATRESSUBMIT.c,340 :: 		PORTD = PORTD & 0xF0;
0x030B	0x30F0      	MOVLW      240
0x030C	0x0588      	ANDWF      PORTD, 1
;ATRESSUBMIT.c,341 :: 		}
L_end_stepper_bullet1:
0x030D	0x0008      	RETURN
; end of _stepper_bullet1
_Rotation45:
;ATRESSUBMIT.c,288 :: 		void Rotation45(){
;ATRESSUBMIT.c,289 :: 		for(i=0;i<50;i++)
0x030E	0x1283      	BCF        STATUS, 5
0x030F	0x1303      	BCF        STATUS, 6
0x0310	0x01A3      	CLRF       _i
0x0311	0x01A4      	CLRF       _i+1
L_Rotation45133:
0x0312	0x3000      	MOVLW      0
0x0313	0x0224      	SUBWF      _i+1, 0
0x0314	0x1D03      	BTFSS      STATUS, 2
0x0315	0x2B18      	GOTO       L__Rotation45212
0x0316	0x3032      	MOVLW      50
0x0317	0x0223      	SUBWF      _i, 0
L__Rotation45212:
0x0318	0x1803      	BTFSC      STATUS, 0
0x0319	0x2B34      	GOTO       L_Rotation45134
;ATRESSUBMIT.c,291 :: 		PORTD = PORTD | 0x10;
0x031A	0x1608      	BSF        PORTD, 4
;ATRESSUBMIT.c,292 :: 		Delay_us(1000);
0x031B	0x3003      	MOVLW      3
0x031C	0x00FC      	MOVWF      R12
0x031D	0x3097      	MOVLW      151
0x031E	0x00FD      	MOVWF      R13
L_Rotation45136:
0x031F	0x0BFD      	DECFSZ     R13, 1
0x0320	0x2B1F      	GOTO       L_Rotation45136
0x0321	0x0BFC      	DECFSZ     R12, 1
0x0322	0x2B1F      	GOTO       L_Rotation45136
0x0323	0x0000      	NOP
0x0324	0x0000      	NOP
;ATRESSUBMIT.c,293 :: 		PORTD = PORTD & 0xEF;
0x0325	0x30EF      	MOVLW      239
0x0326	0x0588      	ANDWF      PORTD, 1
;ATRESSUBMIT.c,294 :: 		Delay_us(19000);
0x0327	0x3032      	MOVLW      50
0x0328	0x00FC      	MOVWF      R12
0x0329	0x3058      	MOVLW      88
0x032A	0x00FD      	MOVWF      R13
L_Rotation45137:
0x032B	0x0BFD      	DECFSZ     R13, 1
0x032C	0x2B2B      	GOTO       L_Rotation45137
0x032D	0x0BFC      	DECFSZ     R12, 1
0x032E	0x2B2B      	GOTO       L_Rotation45137
0x032F	0x0000      	NOP
;ATRESSUBMIT.c,289 :: 		for(i=0;i<50;i++)
0x0330	0x0AA3      	INCF       _i, 1
0x0331	0x1903      	BTFSC      STATUS, 2
0x0332	0x0AA4      	INCF       _i+1, 1
;ATRESSUBMIT.c,295 :: 		}
0x0333	0x2B12      	GOTO       L_Rotation45133
L_Rotation45134:
;ATRESSUBMIT.c,296 :: 		}
L_end_Rotation45:
0x0334	0x0008      	RETURN
; end of _Rotation45
_Rotation135:
;ATRESSUBMIT.c,307 :: 		void Rotation135()//135 Degree
;ATRESSUBMIT.c,309 :: 		for(i=0;i<50;i++)
0x0335	0x1283      	BCF        STATUS, 5
0x0336	0x1303      	BCF        STATUS, 6
0x0337	0x01A3      	CLRF       _i
0x0338	0x01A4      	CLRF       _i+1
L_Rotation135143:
0x0339	0x3000      	MOVLW      0
0x033A	0x0224      	SUBWF      _i+1, 0
0x033B	0x1D03      	BTFSS      STATUS, 2
0x033C	0x2B3F      	GOTO       L__Rotation135216
0x033D	0x3032      	MOVLW      50
0x033E	0x0223      	SUBWF      _i, 0
L__Rotation135216:
0x033F	0x1803      	BTFSC      STATUS, 0
0x0340	0x2B5B      	GOTO       L_Rotation135144
;ATRESSUBMIT.c,311 :: 		PORTD = PORTD | 0x10;
0x0341	0x1608      	BSF        PORTD, 4
;ATRESSUBMIT.c,312 :: 		Delay_us(1750);
0x0342	0x3005      	MOVLW      5
0x0343	0x00FC      	MOVWF      R12
0x0344	0x308A      	MOVLW      138
0x0345	0x00FD      	MOVWF      R13
L_Rotation135146:
0x0346	0x0BFD      	DECFSZ     R13, 1
0x0347	0x2B46      	GOTO       L_Rotation135146
0x0348	0x0BFC      	DECFSZ     R12, 1
0x0349	0x2B46      	GOTO       L_Rotation135146
0x034A	0x0000      	NOP
;ATRESSUBMIT.c,313 :: 		PORTD = PORTD & 0xEF;
0x034B	0x30EF      	MOVLW      239
0x034C	0x0588      	ANDWF      PORTD, 1
;ATRESSUBMIT.c,314 :: 		Delay_us(18500);
0x034D	0x3031      	MOVLW      49
0x034E	0x00FC      	MOVWF      R12
0x034F	0x300B      	MOVLW      11
0x0350	0x00FD      	MOVWF      R13
L_Rotation135147:
0x0351	0x0BFD      	DECFSZ     R13, 1
0x0352	0x2B51      	GOTO       L_Rotation135147
0x0353	0x0BFC      	DECFSZ     R12, 1
0x0354	0x2B51      	GOTO       L_Rotation135147
0x0355	0x0000      	NOP
0x0356	0x0000      	NOP
;ATRESSUBMIT.c,309 :: 		for(i=0;i<50;i++)
0x0357	0x0AA3      	INCF       _i, 1
0x0358	0x1903      	BTFSC      STATUS, 2
0x0359	0x0AA4      	INCF       _i+1, 1
;ATRESSUBMIT.c,315 :: 		}
0x035A	0x2B39      	GOTO       L_Rotation135143
L_Rotation135144:
;ATRESSUBMIT.c,316 :: 		}
L_end_Rotation135:
0x035B	0x0008      	RETURN
; end of _Rotation135
_stepper_bullet2:
;ATRESSUBMIT.c,343 :: 		void stepper_bullet2(){
;ATRESSUBMIT.c,344 :: 		PORTD = PORTD & 0xF9;
0x035C	0x30F9      	MOVLW      249
0x035D	0x1283      	BCF        STATUS, 5
0x035E	0x1303      	BCF        STATUS, 6
0x035F	0x0588      	ANDWF      PORTD, 1
;ATRESSUBMIT.c,345 :: 		PORTD = PORTD | 0x09;
0x0360	0x3009      	MOVLW      9
0x0361	0x0488      	IORWF      PORTD, 1
;ATRESSUBMIT.c,346 :: 		Delay_ms(5);
0x0362	0x300D      	MOVLW      13
0x0363	0x00FC      	MOVWF      R12
0x0364	0x30FB      	MOVLW      251
0x0365	0x00FD      	MOVWF      R13
L_stepper_bullet2157:
0x0366	0x0BFD      	DECFSZ     R13, 1
0x0367	0x2B66      	GOTO       L_stepper_bullet2157
0x0368	0x0BFC      	DECFSZ     R12, 1
0x0369	0x2B66      	GOTO       L_stepper_bullet2157
0x036A	0x0000      	NOP
0x036B	0x0000      	NOP
;ATRESSUBMIT.c,347 :: 		PORTD = PORTD & 0xFC;
0x036C	0x30FC      	MOVLW      252
0x036D	0x0588      	ANDWF      PORTD, 1
;ATRESSUBMIT.c,348 :: 		PORTD = PORTD | 0x0C;
0x036E	0x300C      	MOVLW      12
0x036F	0x0488      	IORWF      PORTD, 1
;ATRESSUBMIT.c,349 :: 		Delay_ms(5);
0x0370	0x300D      	MOVLW      13
0x0371	0x00FC      	MOVWF      R12
0x0372	0x30FB      	MOVLW      251
0x0373	0x00FD      	MOVWF      R13
L_stepper_bullet2158:
0x0374	0x0BFD      	DECFSZ     R13, 1
0x0375	0x2B74      	GOTO       L_stepper_bullet2158
0x0376	0x0BFC      	DECFSZ     R12, 1
0x0377	0x2B74      	GOTO       L_stepper_bullet2158
0x0378	0x0000      	NOP
0x0379	0x0000      	NOP
;ATRESSUBMIT.c,350 :: 		PORTD = PORTD & 0xF6;
0x037A	0x30F6      	MOVLW      246
0x037B	0x0588      	ANDWF      PORTD, 1
;ATRESSUBMIT.c,351 :: 		PORTD = PORTD | 0x06;
0x037C	0x3006      	MOVLW      6
0x037D	0x0488      	IORWF      PORTD, 1
;ATRESSUBMIT.c,352 :: 		Delay_ms(5);
0x037E	0x300D      	MOVLW      13
0x037F	0x00FC      	MOVWF      R12
0x0380	0x30FB      	MOVLW      251
0x0381	0x00FD      	MOVWF      R13
L_stepper_bullet2159:
0x0382	0x0BFD      	DECFSZ     R13, 1
0x0383	0x2B82      	GOTO       L_stepper_bullet2159
0x0384	0x0BFC      	DECFSZ     R12, 1
0x0385	0x2B82      	GOTO       L_stepper_bullet2159
0x0386	0x0000      	NOP
0x0387	0x0000      	NOP
;ATRESSUBMIT.c,353 :: 		PORTD = PORTD & 0xF3;
0x0388	0x30F3      	MOVLW      243
0x0389	0x0588      	ANDWF      PORTD, 1
;ATRESSUBMIT.c,354 :: 		PORTD = PORTD | 0x03;
0x038A	0x3003      	MOVLW      3
0x038B	0x0488      	IORWF      PORTD, 1
;ATRESSUBMIT.c,355 :: 		Delay_ms(5);
0x038C	0x300D      	MOVLW      13
0x038D	0x00FC      	MOVWF      R12
0x038E	0x30FB      	MOVLW      251
0x038F	0x00FD      	MOVWF      R13
L_stepper_bullet2160:
0x0390	0x0BFD      	DECFSZ     R13, 1
0x0391	0x2B90      	GOTO       L_stepper_bullet2160
0x0392	0x0BFC      	DECFSZ     R12, 1
0x0393	0x2B90      	GOTO       L_stepper_bullet2160
0x0394	0x0000      	NOP
0x0395	0x0000      	NOP
;ATRESSUBMIT.c,356 :: 		PORTD = PORTD & 0xF0;
0x0396	0x30F0      	MOVLW      240
0x0397	0x0588      	ANDWF      PORTD, 1
;ATRESSUBMIT.c,357 :: 		}
L_end_stepper_bullet2:
0x0398	0x0008      	RETURN
; end of _stepper_bullet2
_main:
;ATRESSUBMIT.c,27 :: 		void main() {
;ATRESSUBMIT.c,29 :: 		STATUS = STATUS | 0x20;//Bank1
0x0399	0x1683      	BSF        STATUS, 5
;ATRESSUBMIT.c,30 :: 		TRISB = 0xFF; // Set PORTB as input
0x039A	0x30FF      	MOVLW      255
0x039B	0x1683      	BSF        STATUS, 5
0x039C	0x1303      	BCF        STATUS, 6
0x039D	0x0086      	MOVWF      TRISB
;ATRESSUBMIT.c,31 :: 		PORTB = 0x00; // Clear PORTB
0x039E	0x1283      	BCF        STATUS, 5
0x039F	0x0186      	CLRF       PORTB
;ATRESSUBMIT.c,32 :: 		TRISC = 0x00;//PORTC is output
0x03A0	0x1683      	BSF        STATUS, 5
0x03A1	0x0187      	CLRF       TRISC
;ATRESSUBMIT.c,33 :: 		TRISD = 0X00;//PORTD is output
0x03A2	0x0188      	CLRF       TRISD
;ATRESSUBMIT.c,34 :: 		TRISA = 0x01;//PRA0 is input PRA1-PRA7 is output
0x03A3	0x3001      	MOVLW      1
0x03A4	0x0085      	MOVWF      TRISA
;ATRESSUBMIT.c,35 :: 		STATUS = STATUS | 0xDF;//Bank0
0x03A5	0x30DF      	MOVLW      223
0x03A6	0x0483      	IORWF      STATUS, 1
;ATRESSUBMIT.c,37 :: 		init_sonar();
0x03A7	0x228A      	CALL       _init_sonar
;ATRESSUBMIT.c,38 :: 		while (1) {
L_main0:
;ATRESSUBMIT.c,39 :: 		Rotation0();
0x03A8	0x2259      	CALL       _Rotation0
;ATRESSUBMIT.c,40 :: 		Delay_ms(1000);
0x03A9	0x300B      	MOVLW      11
0x03AA	0x00FB      	MOVWF      R11
0x03AB	0x3026      	MOVLW      38
0x03AC	0x00FC      	MOVWF      R12
0x03AD	0x305D      	MOVLW      93
0x03AE	0x00FD      	MOVWF      R13
L_main2:
0x03AF	0x0BFD      	DECFSZ     R13, 1
0x03B0	0x2BAF      	GOTO       L_main2
0x03B1	0x0BFC      	DECFSZ     R12, 1
0x03B2	0x2BAF      	GOTO       L_main2
0x03B3	0x0BFB      	DECFSZ     R11, 1
0x03B4	0x2BAF      	GOTO       L_main2
0x03B5	0x0000      	NOP
0x03B6	0x0000      	NOP
;ATRESSUBMIT.c,41 :: 		for(i = 0; i < 20;i++)
0x03B7	0x01A3      	CLRF       _i
0x03B8	0x01A4      	CLRF       _i+1
L_main3:
0x03B9	0x3000      	MOVLW      0
0x03BA	0x0224      	SUBWF      _i+1, 0
0x03BB	0x1D03      	BTFSS      STATUS, 2
0x03BC	0x2BBF      	GOTO       L__main162
0x03BD	0x3014      	MOVLW      20
0x03BE	0x0223      	SUBWF      _i, 0
L__main162:
0x03BF	0x1803      	BTFSC      STATUS, 0
0x03C0	0x2BC6      	GOTO       L_main4
;ATRESSUBMIT.c,42 :: 		{DCmotor_forward();}
0x03C1	0x227B      	CALL       _DCmotor_forward
;ATRESSUBMIT.c,41 :: 		for(i = 0; i < 20;i++)
0x03C2	0x0AA3      	INCF       _i, 1
0x03C3	0x1903      	BTFSC      STATUS, 2
0x03C4	0x0AA4      	INCF       _i+1, 1
;ATRESSUBMIT.c,42 :: 		{DCmotor_forward();}
0x03C5	0x2BB9      	GOTO       L_main3
L_main4:
;ATRESSUBMIT.c,43 :: 		read_sonar();
0x03C6	0x21EC      	CALL       _read_sonar
;ATRESSUBMIT.c,44 :: 		if (Distance < 10) {
0x03C7	0x3000      	MOVLW      0
0x03C8	0x0228      	SUBWF      _Distance+3, 0
0x03C9	0x1D03      	BTFSS      STATUS, 2
0x03CA	0x2BD5      	GOTO       L__main163
0x03CB	0x3000      	MOVLW      0
0x03CC	0x0227      	SUBWF      _Distance+2, 0
0x03CD	0x1D03      	BTFSS      STATUS, 2
0x03CE	0x2BD5      	GOTO       L__main163
0x03CF	0x3000      	MOVLW      0
0x03D0	0x0226      	SUBWF      _Distance+1, 0
0x03D1	0x1D03      	BTFSS      STATUS, 2
0x03D2	0x2BD5      	GOTO       L__main163
0x03D3	0x300A      	MOVLW      10
0x03D4	0x0225      	SUBWF      _Distance, 0
L__main163:
0x03D5	0x1803      	BTFSC      STATUS, 0
0x03D6	0x2BF5      	GOTO       L_main6
;ATRESSUBMIT.c,46 :: 		for (i = 0; i < 65; i++) {
0x03D7	0x01A3      	CLRF       _i
0x03D8	0x01A4      	CLRF       _i+1
L_main7:
0x03D9	0x3000      	MOVLW      0
0x03DA	0x0224      	SUBWF      _i+1, 0
0x03DB	0x1D03      	BTFSS      STATUS, 2
0x03DC	0x2BDF      	GOTO       L__main164
0x03DD	0x3041      	MOVLW      65
0x03DE	0x0223      	SUBWF      _i, 0
L__main164:
0x03DF	0x1803      	BTFSC      STATUS, 0
0x03E0	0x2BE6      	GOTO       L_main8
;ATRESSUBMIT.c,47 :: 		stepper_bullet1();
0x03E1	0x22D1      	CALL       _stepper_bullet1
;ATRESSUBMIT.c,46 :: 		for (i = 0; i < 65; i++) {
0x03E2	0x0AA3      	INCF       _i, 1
0x03E3	0x1903      	BTFSC      STATUS, 2
0x03E4	0x0AA4      	INCF       _i+1, 1
;ATRESSUBMIT.c,48 :: 		}      for (i = 0; i < 130; i++) {
0x03E5	0x2BD9      	GOTO       L_main7
L_main8:
0x03E6	0x01A3      	CLRF       _i
0x03E7	0x01A4      	CLRF       _i+1
L_main10:
0x03E8	0x3000      	MOVLW      0
0x03E9	0x0224      	SUBWF      _i+1, 0
0x03EA	0x1D03      	BTFSS      STATUS, 2
0x03EB	0x2BEE      	GOTO       L__main165
0x03EC	0x3082      	MOVLW      130
0x03ED	0x0223      	SUBWF      _i, 0
L__main165:
0x03EE	0x1803      	BTFSC      STATUS, 0
0x03EF	0x2BF5      	GOTO       L_main11
;ATRESSUBMIT.c,49 :: 		stepper_bullet2();
0x03F0	0x235C      	CALL       _stepper_bullet2
;ATRESSUBMIT.c,48 :: 		}      for (i = 0; i < 130; i++) {
0x03F1	0x0AA3      	INCF       _i, 1
0x03F2	0x1903      	BTFSC      STATUS, 2
0x03F3	0x0AA4      	INCF       _i+1, 1
;ATRESSUBMIT.c,50 :: 		}
0x03F4	0x2BE8      	GOTO       L_main10
L_main11:
;ATRESSUBMIT.c,51 :: 		}
L_main6:
;ATRESSUBMIT.c,52 :: 		for(i = 0; i < 20;i++)
0x03F5	0x01A3      	CLRF       _i
0x03F6	0x01A4      	CLRF       _i+1
L_main13:
0x03F7	0x3000      	MOVLW      0
0x03F8	0x0224      	SUBWF      _i+1, 0
0x03F9	0x1D03      	BTFSS      STATUS, 2
0x03FA	0x2BFD      	GOTO       L__main166
0x03FB	0x3014      	MOVLW      20
0x03FC	0x0223      	SUBWF      _i, 0
L__main166:
0x03FD	0x1803      	BTFSC      STATUS, 0
0x03FE	0x2C04      	GOTO       L_main14
;ATRESSUBMIT.c,53 :: 		{DCmotor_forward();}
0x03FF	0x227B      	CALL       _DCmotor_forward
;ATRESSUBMIT.c,52 :: 		for(i = 0; i < 20;i++)
0x0400	0x0AA3      	INCF       _i, 1
0x0401	0x1903      	BTFSC      STATUS, 2
0x0402	0x0AA4      	INCF       _i+1, 1
;ATRESSUBMIT.c,53 :: 		{DCmotor_forward();}
0x0403	0x2BF7      	GOTO       L_main13
L_main14:
;ATRESSUBMIT.c,54 :: 		Delay_ms(500);
0x0404	0x3006      	MOVLW      6
0x0405	0x00FB      	MOVWF      R11
0x0406	0x3013      	MOVLW      19
0x0407	0x00FC      	MOVWF      R12
0x0408	0x30AD      	MOVLW      173
0x0409	0x00FD      	MOVWF      R13
L_main16:
0x040A	0x0BFD      	DECFSZ     R13, 1
0x040B	0x2C0A      	GOTO       L_main16
0x040C	0x0BFC      	DECFSZ     R12, 1
0x040D	0x2C0A      	GOTO       L_main16
0x040E	0x0BFB      	DECFSZ     R11, 1
0x040F	0x2C0A      	GOTO       L_main16
0x0410	0x0000      	NOP
0x0411	0x0000      	NOP
;ATRESSUBMIT.c,55 :: 		Rotation45();
0x0412	0x230E      	CALL       _Rotation45
;ATRESSUBMIT.c,56 :: 		Delay_ms(1000);
0x0413	0x300B      	MOVLW      11
0x0414	0x00FB      	MOVWF      R11
0x0415	0x3026      	MOVLW      38
0x0416	0x00FC      	MOVWF      R12
0x0417	0x305D      	MOVLW      93
0x0418	0x00FD      	MOVWF      R13
L_main17:
0x0419	0x0BFD      	DECFSZ     R13, 1
0x041A	0x2C19      	GOTO       L_main17
0x041B	0x0BFC      	DECFSZ     R12, 1
0x041C	0x2C19      	GOTO       L_main17
0x041D	0x0BFB      	DECFSZ     R11, 1
0x041E	0x2C19      	GOTO       L_main17
0x041F	0x0000      	NOP
0x0420	0x0000      	NOP
;ATRESSUBMIT.c,57 :: 		read_sonar();
0x0421	0x21EC      	CALL       _read_sonar
;ATRESSUBMIT.c,58 :: 		if (Distance <10) {
0x0422	0x3000      	MOVLW      0
0x0423	0x0228      	SUBWF      _Distance+3, 0
0x0424	0x1D03      	BTFSS      STATUS, 2
0x0425	0x2C30      	GOTO       L__main167
0x0426	0x3000      	MOVLW      0
0x0427	0x0227      	SUBWF      _Distance+2, 0
0x0428	0x1D03      	BTFSS      STATUS, 2
0x0429	0x2C30      	GOTO       L__main167
0x042A	0x3000      	MOVLW      0
0x042B	0x0226      	SUBWF      _Distance+1, 0
0x042C	0x1D03      	BTFSS      STATUS, 2
0x042D	0x2C30      	GOTO       L__main167
0x042E	0x300A      	MOVLW      10
0x042F	0x0225      	SUBWF      _Distance, 0
L__main167:
0x0430	0x1803      	BTFSC      STATUS, 0
0x0431	0x2C50      	GOTO       L_main18
;ATRESSUBMIT.c,60 :: 		for (i = 0; i < 65; i++) {
0x0432	0x01A3      	CLRF       _i
0x0433	0x01A4      	CLRF       _i+1
L_main19:
0x0434	0x3000      	MOVLW      0
0x0435	0x0224      	SUBWF      _i+1, 0
0x0436	0x1D03      	BTFSS      STATUS, 2
0x0437	0x2C3A      	GOTO       L__main168
0x0438	0x3041      	MOVLW      65
0x0439	0x0223      	SUBWF      _i, 0
L__main168:
0x043A	0x1803      	BTFSC      STATUS, 0
0x043B	0x2C41      	GOTO       L_main20
;ATRESSUBMIT.c,61 :: 		stepper_bullet1();
0x043C	0x22D1      	CALL       _stepper_bullet1
;ATRESSUBMIT.c,60 :: 		for (i = 0; i < 65; i++) {
0x043D	0x0AA3      	INCF       _i, 1
0x043E	0x1903      	BTFSC      STATUS, 2
0x043F	0x0AA4      	INCF       _i+1, 1
;ATRESSUBMIT.c,62 :: 		}
0x0440	0x2C34      	GOTO       L_main19
L_main20:
;ATRESSUBMIT.c,63 :: 		for (i = 0; i < 130; i++) {
0x0441	0x01A3      	CLRF       _i
0x0442	0x01A4      	CLRF       _i+1
L_main22:
0x0443	0x3000      	MOVLW      0
0x0444	0x0224      	SUBWF      _i+1, 0
0x0445	0x1D03      	BTFSS      STATUS, 2
0x0446	0x2C49      	GOTO       L__main169
0x0447	0x3082      	MOVLW      130
0x0448	0x0223      	SUBWF      _i, 0
L__main169:
0x0449	0x1803      	BTFSC      STATUS, 0
0x044A	0x2C50      	GOTO       L_main23
;ATRESSUBMIT.c,64 :: 		stepper_bullet2();
0x044B	0x235C      	CALL       _stepper_bullet2
;ATRESSUBMIT.c,63 :: 		for (i = 0; i < 130; i++) {
0x044C	0x0AA3      	INCF       _i, 1
0x044D	0x1903      	BTFSC      STATUS, 2
0x044E	0x0AA4      	INCF       _i+1, 1
;ATRESSUBMIT.c,65 :: 		}
0x044F	0x2C43      	GOTO       L_main22
L_main23:
;ATRESSUBMIT.c,66 :: 		}
L_main18:
;ATRESSUBMIT.c,67 :: 		for(i = 0; i < 20;i++)
0x0450	0x01A3      	CLRF       _i
0x0451	0x01A4      	CLRF       _i+1
L_main25:
0x0452	0x3000      	MOVLW      0
0x0453	0x0224      	SUBWF      _i+1, 0
0x0454	0x1D03      	BTFSS      STATUS, 2
0x0455	0x2C58      	GOTO       L__main170
0x0456	0x3014      	MOVLW      20
0x0457	0x0223      	SUBWF      _i, 0
L__main170:
0x0458	0x1803      	BTFSC      STATUS, 0
0x0459	0x2C5F      	GOTO       L_main26
;ATRESSUBMIT.c,68 :: 		{DCmotor_forward();}
0x045A	0x227B      	CALL       _DCmotor_forward
;ATRESSUBMIT.c,67 :: 		for(i = 0; i < 20;i++)
0x045B	0x0AA3      	INCF       _i, 1
0x045C	0x1903      	BTFSC      STATUS, 2
0x045D	0x0AA4      	INCF       _i+1, 1
;ATRESSUBMIT.c,68 :: 		{DCmotor_forward();}
0x045E	0x2C52      	GOTO       L_main25
L_main26:
;ATRESSUBMIT.c,69 :: 		Delay_ms(500);
0x045F	0x3006      	MOVLW      6
0x0460	0x00FB      	MOVWF      R11
0x0461	0x3013      	MOVLW      19
0x0462	0x00FC      	MOVWF      R12
0x0463	0x30AD      	MOVLW      173
0x0464	0x00FD      	MOVWF      R13
L_main28:
0x0465	0x0BFD      	DECFSZ     R13, 1
0x0466	0x2C65      	GOTO       L_main28
0x0467	0x0BFC      	DECFSZ     R12, 1
0x0468	0x2C65      	GOTO       L_main28
0x0469	0x0BFB      	DECFSZ     R11, 1
0x046A	0x2C65      	GOTO       L_main28
0x046B	0x0000      	NOP
0x046C	0x0000      	NOP
;ATRESSUBMIT.c,70 :: 		Rotation90();
0x046D	0x22A9      	CALL       _Rotation90
;ATRESSUBMIT.c,71 :: 		Delay_ms(1000);
0x046E	0x300B      	MOVLW      11
0x046F	0x00FB      	MOVWF      R11
0x0470	0x3026      	MOVLW      38
0x0471	0x00FC      	MOVWF      R12
0x0472	0x305D      	MOVLW      93
0x0473	0x00FD      	MOVWF      R13
L_main29:
0x0474	0x0BFD      	DECFSZ     R13, 1
0x0475	0x2C74      	GOTO       L_main29
0x0476	0x0BFC      	DECFSZ     R12, 1
0x0477	0x2C74      	GOTO       L_main29
0x0478	0x0BFB      	DECFSZ     R11, 1
0x0479	0x2C74      	GOTO       L_main29
0x047A	0x0000      	NOP
0x047B	0x0000      	NOP
;ATRESSUBMIT.c,72 :: 		read_sonar();
0x047C	0x21EC      	CALL       _read_sonar
;ATRESSUBMIT.c,73 :: 		if (Distance < 10) {
0x047D	0x3000      	MOVLW      0
0x047E	0x0228      	SUBWF      _Distance+3, 0
0x047F	0x1D03      	BTFSS      STATUS, 2
0x0480	0x2C8B      	GOTO       L__main171
0x0481	0x3000      	MOVLW      0
0x0482	0x0227      	SUBWF      _Distance+2, 0
0x0483	0x1D03      	BTFSS      STATUS, 2
0x0484	0x2C8B      	GOTO       L__main171
0x0485	0x3000      	MOVLW      0
0x0486	0x0226      	SUBWF      _Distance+1, 0
0x0487	0x1D03      	BTFSS      STATUS, 2
0x0488	0x2C8B      	GOTO       L__main171
0x0489	0x300A      	MOVLW      10
0x048A	0x0225      	SUBWF      _Distance, 0
L__main171:
0x048B	0x1803      	BTFSC      STATUS, 0
0x048C	0x2CAB      	GOTO       L_main30
;ATRESSUBMIT.c,75 :: 		for (i = 0; i < 65; i++) {
0x048D	0x01A3      	CLRF       _i
0x048E	0x01A4      	CLRF       _i+1
L_main31:
0x048F	0x3000      	MOVLW      0
0x0490	0x0224      	SUBWF      _i+1, 0
0x0491	0x1D03      	BTFSS      STATUS, 2
0x0492	0x2C95      	GOTO       L__main172
0x0493	0x3041      	MOVLW      65
0x0494	0x0223      	SUBWF      _i, 0
L__main172:
0x0495	0x1803      	BTFSC      STATUS, 0
0x0496	0x2C9C      	GOTO       L_main32
;ATRESSUBMIT.c,76 :: 		stepper_bullet1();
0x0497	0x22D1      	CALL       _stepper_bullet1
;ATRESSUBMIT.c,75 :: 		for (i = 0; i < 65; i++) {
0x0498	0x0AA3      	INCF       _i, 1
0x0499	0x1903      	BTFSC      STATUS, 2
0x049A	0x0AA4      	INCF       _i+1, 1
;ATRESSUBMIT.c,77 :: 		}
0x049B	0x2C8F      	GOTO       L_main31
L_main32:
;ATRESSUBMIT.c,78 :: 		for (i = 0; i < 130; i++) {
0x049C	0x01A3      	CLRF       _i
0x049D	0x01A4      	CLRF       _i+1
L_main34:
0x049E	0x3000      	MOVLW      0
0x049F	0x0224      	SUBWF      _i+1, 0
0x04A0	0x1D03      	BTFSS      STATUS, 2
0x04A1	0x2CA4      	GOTO       L__main173
0x04A2	0x3082      	MOVLW      130
0x04A3	0x0223      	SUBWF      _i, 0
L__main173:
0x04A4	0x1803      	BTFSC      STATUS, 0
0x04A5	0x2CAB      	GOTO       L_main35
;ATRESSUBMIT.c,79 :: 		stepper_bullet2();
0x04A6	0x235C      	CALL       _stepper_bullet2
;ATRESSUBMIT.c,78 :: 		for (i = 0; i < 130; i++) {
0x04A7	0x0AA3      	INCF       _i, 1
0x04A8	0x1903      	BTFSC      STATUS, 2
0x04A9	0x0AA4      	INCF       _i+1, 1
;ATRESSUBMIT.c,80 :: 		}
0x04AA	0x2C9E      	GOTO       L_main34
L_main35:
;ATRESSUBMIT.c,81 :: 		}
L_main30:
;ATRESSUBMIT.c,82 :: 		for(i = 0; i < 20;i++)
0x04AB	0x01A3      	CLRF       _i
0x04AC	0x01A4      	CLRF       _i+1
L_main37:
0x04AD	0x3000      	MOVLW      0
0x04AE	0x0224      	SUBWF      _i+1, 0
0x04AF	0x1D03      	BTFSS      STATUS, 2
0x04B0	0x2CB3      	GOTO       L__main174
0x04B1	0x3014      	MOVLW      20
0x04B2	0x0223      	SUBWF      _i, 0
L__main174:
0x04B3	0x1803      	BTFSC      STATUS, 0
0x04B4	0x2CBA      	GOTO       L_main38
;ATRESSUBMIT.c,83 :: 		{DCmotor_forward();}
0x04B5	0x227B      	CALL       _DCmotor_forward
;ATRESSUBMIT.c,82 :: 		for(i = 0; i < 20;i++)
0x04B6	0x0AA3      	INCF       _i, 1
0x04B7	0x1903      	BTFSC      STATUS, 2
0x04B8	0x0AA4      	INCF       _i+1, 1
;ATRESSUBMIT.c,83 :: 		{DCmotor_forward();}
0x04B9	0x2CAD      	GOTO       L_main37
L_main38:
;ATRESSUBMIT.c,84 :: 		Delay_ms(500);
0x04BA	0x3006      	MOVLW      6
0x04BB	0x00FB      	MOVWF      R11
0x04BC	0x3013      	MOVLW      19
0x04BD	0x00FC      	MOVWF      R12
0x04BE	0x30AD      	MOVLW      173
0x04BF	0x00FD      	MOVWF      R13
L_main40:
0x04C0	0x0BFD      	DECFSZ     R13, 1
0x04C1	0x2CC0      	GOTO       L_main40
0x04C2	0x0BFC      	DECFSZ     R12, 1
0x04C3	0x2CC0      	GOTO       L_main40
0x04C4	0x0BFB      	DECFSZ     R11, 1
0x04C5	0x2CC0      	GOTO       L_main40
0x04C6	0x0000      	NOP
0x04C7	0x0000      	NOP
;ATRESSUBMIT.c,85 :: 		Rotation135();
0x04C8	0x2335      	CALL       _Rotation135
;ATRESSUBMIT.c,86 :: 		Delay_ms(1000);
0x04C9	0x300B      	MOVLW      11
0x04CA	0x00FB      	MOVWF      R11
0x04CB	0x3026      	MOVLW      38
0x04CC	0x00FC      	MOVWF      R12
0x04CD	0x305D      	MOVLW      93
0x04CE	0x00FD      	MOVWF      R13
L_main41:
0x04CF	0x0BFD      	DECFSZ     R13, 1
0x04D0	0x2CCF      	GOTO       L_main41
0x04D1	0x0BFC      	DECFSZ     R12, 1
0x04D2	0x2CCF      	GOTO       L_main41
0x04D3	0x0BFB      	DECFSZ     R11, 1
0x04D4	0x2CCF      	GOTO       L_main41
0x04D5	0x0000      	NOP
0x04D6	0x0000      	NOP
;ATRESSUBMIT.c,87 :: 		read_sonar();
0x04D7	0x21EC      	CALL       _read_sonar
;ATRESSUBMIT.c,88 :: 		if (Distance < 10) {
0x04D8	0x3000      	MOVLW      0
0x04D9	0x0228      	SUBWF      _Distance+3, 0
0x04DA	0x1D03      	BTFSS      STATUS, 2
0x04DB	0x2CE6      	GOTO       L__main175
0x04DC	0x3000      	MOVLW      0
0x04DD	0x0227      	SUBWF      _Distance+2, 0
0x04DE	0x1D03      	BTFSS      STATUS, 2
0x04DF	0x2CE6      	GOTO       L__main175
0x04E0	0x3000      	MOVLW      0
0x04E1	0x0226      	SUBWF      _Distance+1, 0
0x04E2	0x1D03      	BTFSS      STATUS, 2
0x04E3	0x2CE6      	GOTO       L__main175
0x04E4	0x300A      	MOVLW      10
0x04E5	0x0225      	SUBWF      _Distance, 0
L__main175:
0x04E6	0x1803      	BTFSC      STATUS, 0
0x04E7	0x2D06      	GOTO       L_main42
;ATRESSUBMIT.c,90 :: 		for (i = 0; i < 65; i++) {
0x04E8	0x01A3      	CLRF       _i
0x04E9	0x01A4      	CLRF       _i+1
L_main43:
0x04EA	0x3000      	MOVLW      0
0x04EB	0x0224      	SUBWF      _i+1, 0
0x04EC	0x1D03      	BTFSS      STATUS, 2
0x04ED	0x2CF0      	GOTO       L__main176
0x04EE	0x3041      	MOVLW      65
0x04EF	0x0223      	SUBWF      _i, 0
L__main176:
0x04F0	0x1803      	BTFSC      STATUS, 0
0x04F1	0x2CF7      	GOTO       L_main44
;ATRESSUBMIT.c,91 :: 		stepper_bullet1();
0x04F2	0x22D1      	CALL       _stepper_bullet1
;ATRESSUBMIT.c,90 :: 		for (i = 0; i < 65; i++) {
0x04F3	0x0AA3      	INCF       _i, 1
0x04F4	0x1903      	BTFSC      STATUS, 2
0x04F5	0x0AA4      	INCF       _i+1, 1
;ATRESSUBMIT.c,92 :: 		}
0x04F6	0x2CEA      	GOTO       L_main43
L_main44:
;ATRESSUBMIT.c,93 :: 		for (i = 0; i < 130; i++) {
0x04F7	0x01A3      	CLRF       _i
0x04F8	0x01A4      	CLRF       _i+1
L_main46:
0x04F9	0x3000      	MOVLW      0
0x04FA	0x0224      	SUBWF      _i+1, 0
0x04FB	0x1D03      	BTFSS      STATUS, 2
0x04FC	0x2CFF      	GOTO       L__main177
0x04FD	0x3082      	MOVLW      130
0x04FE	0x0223      	SUBWF      _i, 0
L__main177:
0x04FF	0x1803      	BTFSC      STATUS, 0
0x0500	0x2D06      	GOTO       L_main47
;ATRESSUBMIT.c,94 :: 		stepper_bullet2();
0x0501	0x235C      	CALL       _stepper_bullet2
;ATRESSUBMIT.c,93 :: 		for (i = 0; i < 130; i++) {
0x0502	0x0AA3      	INCF       _i, 1
0x0503	0x1903      	BTFSC      STATUS, 2
0x0504	0x0AA4      	INCF       _i+1, 1
;ATRESSUBMIT.c,95 :: 		}
0x0505	0x2CF9      	GOTO       L_main46
L_main47:
;ATRESSUBMIT.c,96 :: 		}
L_main42:
;ATRESSUBMIT.c,97 :: 		for(i = 0; i < 20;i++)
0x0506	0x01A3      	CLRF       _i
0x0507	0x01A4      	CLRF       _i+1
L_main49:
0x0508	0x3000      	MOVLW      0
0x0509	0x0224      	SUBWF      _i+1, 0
0x050A	0x1D03      	BTFSS      STATUS, 2
0x050B	0x2D0E      	GOTO       L__main178
0x050C	0x3014      	MOVLW      20
0x050D	0x0223      	SUBWF      _i, 0
L__main178:
0x050E	0x1803      	BTFSC      STATUS, 0
0x050F	0x2D15      	GOTO       L_main50
;ATRESSUBMIT.c,98 :: 		{DCmotor_forward();}
0x0510	0x227B      	CALL       _DCmotor_forward
;ATRESSUBMIT.c,97 :: 		for(i = 0; i < 20;i++)
0x0511	0x0AA3      	INCF       _i, 1
0x0512	0x1903      	BTFSC      STATUS, 2
0x0513	0x0AA4      	INCF       _i+1, 1
;ATRESSUBMIT.c,98 :: 		{DCmotor_forward();}
0x0514	0x2D08      	GOTO       L_main49
L_main50:
;ATRESSUBMIT.c,99 :: 		Delay_ms(500);
0x0515	0x3006      	MOVLW      6
0x0516	0x00FB      	MOVWF      R11
0x0517	0x3013      	MOVLW      19
0x0518	0x00FC      	MOVWF      R12
0x0519	0x30AD      	MOVLW      173
0x051A	0x00FD      	MOVWF      R13
L_main52:
0x051B	0x0BFD      	DECFSZ     R13, 1
0x051C	0x2D1B      	GOTO       L_main52
0x051D	0x0BFC      	DECFSZ     R12, 1
0x051E	0x2D1B      	GOTO       L_main52
0x051F	0x0BFB      	DECFSZ     R11, 1
0x0520	0x2D1B      	GOTO       L_main52
0x0521	0x0000      	NOP
0x0522	0x0000      	NOP
;ATRESSUBMIT.c,100 :: 		Rotation180();
0x0523	0x21C5      	CALL       _Rotation180
;ATRESSUBMIT.c,101 :: 		Delay_ms(1000);
0x0524	0x300B      	MOVLW      11
0x0525	0x00FB      	MOVWF      R11
0x0526	0x3026      	MOVLW      38
0x0527	0x00FC      	MOVWF      R12
0x0528	0x305D      	MOVLW      93
0x0529	0x00FD      	MOVWF      R13
L_main53:
0x052A	0x0BFD      	DECFSZ     R13, 1
0x052B	0x2D2A      	GOTO       L_main53
0x052C	0x0BFC      	DECFSZ     R12, 1
0x052D	0x2D2A      	GOTO       L_main53
0x052E	0x0BFB      	DECFSZ     R11, 1
0x052F	0x2D2A      	GOTO       L_main53
0x0530	0x0000      	NOP
0x0531	0x0000      	NOP
;ATRESSUBMIT.c,102 :: 		read_sonar();
0x0532	0x21EC      	CALL       _read_sonar
;ATRESSUBMIT.c,103 :: 		if (Distance < 10) {
0x0533	0x3000      	MOVLW      0
0x0534	0x0228      	SUBWF      _Distance+3, 0
0x0535	0x1D03      	BTFSS      STATUS, 2
0x0536	0x2D41      	GOTO       L__main179
0x0537	0x3000      	MOVLW      0
0x0538	0x0227      	SUBWF      _Distance+2, 0
0x0539	0x1D03      	BTFSS      STATUS, 2
0x053A	0x2D41      	GOTO       L__main179
0x053B	0x3000      	MOVLW      0
0x053C	0x0226      	SUBWF      _Distance+1, 0
0x053D	0x1D03      	BTFSS      STATUS, 2
0x053E	0x2D41      	GOTO       L__main179
0x053F	0x300A      	MOVLW      10
0x0540	0x0225      	SUBWF      _Distance, 0
L__main179:
0x0541	0x1803      	BTFSC      STATUS, 0
0x0542	0x2D61      	GOTO       L_main54
;ATRESSUBMIT.c,105 :: 		for (i = 0; i < 65; i++) {
0x0543	0x01A3      	CLRF       _i
0x0544	0x01A4      	CLRF       _i+1
L_main55:
0x0545	0x3000      	MOVLW      0
0x0546	0x0224      	SUBWF      _i+1, 0
0x0547	0x1D03      	BTFSS      STATUS, 2
0x0548	0x2D4B      	GOTO       L__main180
0x0549	0x3041      	MOVLW      65
0x054A	0x0223      	SUBWF      _i, 0
L__main180:
0x054B	0x1803      	BTFSC      STATUS, 0
0x054C	0x2D52      	GOTO       L_main56
;ATRESSUBMIT.c,106 :: 		stepper_bullet1();
0x054D	0x22D1      	CALL       _stepper_bullet1
;ATRESSUBMIT.c,105 :: 		for (i = 0; i < 65; i++) {
0x054E	0x0AA3      	INCF       _i, 1
0x054F	0x1903      	BTFSC      STATUS, 2
0x0550	0x0AA4      	INCF       _i+1, 1
;ATRESSUBMIT.c,107 :: 		}
0x0551	0x2D45      	GOTO       L_main55
L_main56:
;ATRESSUBMIT.c,108 :: 		for (i = 0; i < 130; i++) {
0x0552	0x01A3      	CLRF       _i
0x0553	0x01A4      	CLRF       _i+1
L_main58:
0x0554	0x3000      	MOVLW      0
0x0555	0x0224      	SUBWF      _i+1, 0
0x0556	0x1D03      	BTFSS      STATUS, 2
0x0557	0x2D5A      	GOTO       L__main181
0x0558	0x3082      	MOVLW      130
0x0559	0x0223      	SUBWF      _i, 0
L__main181:
0x055A	0x1803      	BTFSC      STATUS, 0
0x055B	0x2D61      	GOTO       L_main59
;ATRESSUBMIT.c,109 :: 		stepper_bullet2();
0x055C	0x235C      	CALL       _stepper_bullet2
;ATRESSUBMIT.c,108 :: 		for (i = 0; i < 130; i++) {
0x055D	0x0AA3      	INCF       _i, 1
0x055E	0x1903      	BTFSC      STATUS, 2
0x055F	0x0AA4      	INCF       _i+1, 1
;ATRESSUBMIT.c,110 :: 		}
0x0560	0x2D54      	GOTO       L_main58
L_main59:
;ATRESSUBMIT.c,111 :: 		}
L_main54:
;ATRESSUBMIT.c,112 :: 		for(i = 0; i < 20;i++)
0x0561	0x01A3      	CLRF       _i
0x0562	0x01A4      	CLRF       _i+1
L_main61:
0x0563	0x3000      	MOVLW      0
0x0564	0x0224      	SUBWF      _i+1, 0
0x0565	0x1D03      	BTFSS      STATUS, 2
0x0566	0x2D69      	GOTO       L__main182
0x0567	0x3014      	MOVLW      20
0x0568	0x0223      	SUBWF      _i, 0
L__main182:
0x0569	0x1803      	BTFSC      STATUS, 0
0x056A	0x2D70      	GOTO       L_main62
;ATRESSUBMIT.c,113 :: 		{DCmotor_forward();}
0x056B	0x227B      	CALL       _DCmotor_forward
;ATRESSUBMIT.c,112 :: 		for(i = 0; i < 20;i++)
0x056C	0x0AA3      	INCF       _i, 1
0x056D	0x1903      	BTFSC      STATUS, 2
0x056E	0x0AA4      	INCF       _i+1, 1
;ATRESSUBMIT.c,113 :: 		{DCmotor_forward();}
0x056F	0x2D63      	GOTO       L_main61
L_main62:
;ATRESSUBMIT.c,114 :: 		Delay_ms(500);
0x0570	0x3006      	MOVLW      6
0x0571	0x00FB      	MOVWF      R11
0x0572	0x3013      	MOVLW      19
0x0573	0x00FC      	MOVWF      R12
0x0574	0x30AD      	MOVLW      173
0x0575	0x00FD      	MOVWF      R13
L_main64:
0x0576	0x0BFD      	DECFSZ     R13, 1
0x0577	0x2D76      	GOTO       L_main64
0x0578	0x0BFC      	DECFSZ     R12, 1
0x0579	0x2D76      	GOTO       L_main64
0x057A	0x0BFB      	DECFSZ     R11, 1
0x057B	0x2D76      	GOTO       L_main64
0x057C	0x0000      	NOP
0x057D	0x0000      	NOP
;ATRESSUBMIT.c,115 :: 		Rotation135();
0x057E	0x2335      	CALL       _Rotation135
;ATRESSUBMIT.c,116 :: 		Delay_ms(1000);
0x057F	0x300B      	MOVLW      11
0x0580	0x00FB      	MOVWF      R11
0x0581	0x3026      	MOVLW      38
0x0582	0x00FC      	MOVWF      R12
0x0583	0x305D      	MOVLW      93
0x0584	0x00FD      	MOVWF      R13
L_main65:
0x0585	0x0BFD      	DECFSZ     R13, 1
0x0586	0x2D85      	GOTO       L_main65
0x0587	0x0BFC      	DECFSZ     R12, 1
0x0588	0x2D85      	GOTO       L_main65
0x0589	0x0BFB      	DECFSZ     R11, 1
0x058A	0x2D85      	GOTO       L_main65
0x058B	0x0000      	NOP
0x058C	0x0000      	NOP
;ATRESSUBMIT.c,117 :: 		read_sonar();
0x058D	0x21EC      	CALL       _read_sonar
;ATRESSUBMIT.c,118 :: 		if (Distance < 10) {
0x058E	0x3000      	MOVLW      0
0x058F	0x0228      	SUBWF      _Distance+3, 0
0x0590	0x1D03      	BTFSS      STATUS, 2
0x0591	0x2D9C      	GOTO       L__main183
0x0592	0x3000      	MOVLW      0
0x0593	0x0227      	SUBWF      _Distance+2, 0
0x0594	0x1D03      	BTFSS      STATUS, 2
0x0595	0x2D9C      	GOTO       L__main183
0x0596	0x3000      	MOVLW      0
0x0597	0x0226      	SUBWF      _Distance+1, 0
0x0598	0x1D03      	BTFSS      STATUS, 2
0x0599	0x2D9C      	GOTO       L__main183
0x059A	0x300A      	MOVLW      10
0x059B	0x0225      	SUBWF      _Distance, 0
L__main183:
0x059C	0x1803      	BTFSC      STATUS, 0
0x059D	0x2DBC      	GOTO       L_main66
;ATRESSUBMIT.c,120 :: 		for (i = 0; i < 65; i++) {
0x059E	0x01A3      	CLRF       _i
0x059F	0x01A4      	CLRF       _i+1
L_main67:
0x05A0	0x3000      	MOVLW      0
0x05A1	0x0224      	SUBWF      _i+1, 0
0x05A2	0x1D03      	BTFSS      STATUS, 2
0x05A3	0x2DA6      	GOTO       L__main184
0x05A4	0x3041      	MOVLW      65
0x05A5	0x0223      	SUBWF      _i, 0
L__main184:
0x05A6	0x1803      	BTFSC      STATUS, 0
0x05A7	0x2DAD      	GOTO       L_main68
;ATRESSUBMIT.c,121 :: 		stepper_bullet1();
0x05A8	0x22D1      	CALL       _stepper_bullet1
;ATRESSUBMIT.c,120 :: 		for (i = 0; i < 65; i++) {
0x05A9	0x0AA3      	INCF       _i, 1
0x05AA	0x1903      	BTFSC      STATUS, 2
0x05AB	0x0AA4      	INCF       _i+1, 1
;ATRESSUBMIT.c,122 :: 		}   for (i = 0; i < 130; i++) {
0x05AC	0x2DA0      	GOTO       L_main67
L_main68:
0x05AD	0x01A3      	CLRF       _i
0x05AE	0x01A4      	CLRF       _i+1
L_main70:
0x05AF	0x3000      	MOVLW      0
0x05B0	0x0224      	SUBWF      _i+1, 0
0x05B1	0x1D03      	BTFSS      STATUS, 2
0x05B2	0x2DB5      	GOTO       L__main185
0x05B3	0x3082      	MOVLW      130
0x05B4	0x0223      	SUBWF      _i, 0
L__main185:
0x05B5	0x1803      	BTFSC      STATUS, 0
0x05B6	0x2DBC      	GOTO       L_main71
;ATRESSUBMIT.c,123 :: 		stepper_bullet2();
0x05B7	0x235C      	CALL       _stepper_bullet2
;ATRESSUBMIT.c,122 :: 		}   for (i = 0; i < 130; i++) {
0x05B8	0x0AA3      	INCF       _i, 1
0x05B9	0x1903      	BTFSC      STATUS, 2
0x05BA	0x0AA4      	INCF       _i+1, 1
;ATRESSUBMIT.c,124 :: 		}
0x05BB	0x2DAF      	GOTO       L_main70
L_main71:
;ATRESSUBMIT.c,125 :: 		}
L_main66:
;ATRESSUBMIT.c,126 :: 		for(i = 0; i < 20;i++)
0x05BC	0x01A3      	CLRF       _i
0x05BD	0x01A4      	CLRF       _i+1
L_main73:
0x05BE	0x3000      	MOVLW      0
0x05BF	0x0224      	SUBWF      _i+1, 0
0x05C0	0x1D03      	BTFSS      STATUS, 2
0x05C1	0x2DC4      	GOTO       L__main186
0x05C2	0x3014      	MOVLW      20
0x05C3	0x0223      	SUBWF      _i, 0
L__main186:
0x05C4	0x1803      	BTFSC      STATUS, 0
0x05C5	0x2DCB      	GOTO       L_main74
;ATRESSUBMIT.c,127 :: 		{DCmotor_forward();}
0x05C6	0x227B      	CALL       _DCmotor_forward
;ATRESSUBMIT.c,126 :: 		for(i = 0; i < 20;i++)
0x05C7	0x0AA3      	INCF       _i, 1
0x05C8	0x1903      	BTFSC      STATUS, 2
0x05C9	0x0AA4      	INCF       _i+1, 1
;ATRESSUBMIT.c,127 :: 		{DCmotor_forward();}
0x05CA	0x2DBE      	GOTO       L_main73
L_main74:
;ATRESSUBMIT.c,128 :: 		Delay_ms(500);
0x05CB	0x3006      	MOVLW      6
0x05CC	0x00FB      	MOVWF      R11
0x05CD	0x3013      	MOVLW      19
0x05CE	0x00FC      	MOVWF      R12
0x05CF	0x30AD      	MOVLW      173
0x05D0	0x00FD      	MOVWF      R13
L_main76:
0x05D1	0x0BFD      	DECFSZ     R13, 1
0x05D2	0x2DD1      	GOTO       L_main76
0x05D3	0x0BFC      	DECFSZ     R12, 1
0x05D4	0x2DD1      	GOTO       L_main76
0x05D5	0x0BFB      	DECFSZ     R11, 1
0x05D6	0x2DD1      	GOTO       L_main76
0x05D7	0x0000      	NOP
0x05D8	0x0000      	NOP
;ATRESSUBMIT.c,129 :: 		Rotation90();
0x05D9	0x22A9      	CALL       _Rotation90
;ATRESSUBMIT.c,130 :: 		Delay_ms(1000);
0x05DA	0x300B      	MOVLW      11
0x05DB	0x00FB      	MOVWF      R11
0x05DC	0x3026      	MOVLW      38
0x05DD	0x00FC      	MOVWF      R12
0x05DE	0x305D      	MOVLW      93
0x05DF	0x00FD      	MOVWF      R13
L_main77:
0x05E0	0x0BFD      	DECFSZ     R13, 1
0x05E1	0x2DE0      	GOTO       L_main77
0x05E2	0x0BFC      	DECFSZ     R12, 1
0x05E3	0x2DE0      	GOTO       L_main77
0x05E4	0x0BFB      	DECFSZ     R11, 1
0x05E5	0x2DE0      	GOTO       L_main77
0x05E6	0x0000      	NOP
0x05E7	0x0000      	NOP
;ATRESSUBMIT.c,131 :: 		read_sonar();
0x05E8	0x21EC      	CALL       _read_sonar
;ATRESSUBMIT.c,132 :: 		if (Distance < 10) {
0x05E9	0x3000      	MOVLW      0
0x05EA	0x0228      	SUBWF      _Distance+3, 0
0x05EB	0x1D03      	BTFSS      STATUS, 2
0x05EC	0x2DF7      	GOTO       L__main187
0x05ED	0x3000      	MOVLW      0
0x05EE	0x0227      	SUBWF      _Distance+2, 0
0x05EF	0x1D03      	BTFSS      STATUS, 2
0x05F0	0x2DF7      	GOTO       L__main187
0x05F1	0x3000      	MOVLW      0
0x05F2	0x0226      	SUBWF      _Distance+1, 0
0x05F3	0x1D03      	BTFSS      STATUS, 2
0x05F4	0x2DF7      	GOTO       L__main187
0x05F5	0x300A      	MOVLW      10
0x05F6	0x0225      	SUBWF      _Distance, 0
L__main187:
0x05F7	0x1803      	BTFSC      STATUS, 0
0x05F8	0x2E17      	GOTO       L_main78
;ATRESSUBMIT.c,134 :: 		for (i = 0; i < 65; i++) {
0x05F9	0x01A3      	CLRF       _i
0x05FA	0x01A4      	CLRF       _i+1
L_main79:
0x05FB	0x3000      	MOVLW      0
0x05FC	0x0224      	SUBWF      _i+1, 0
0x05FD	0x1D03      	BTFSS      STATUS, 2
0x05FE	0x2E01      	GOTO       L__main188
0x05FF	0x3041      	MOVLW      65
0x0600	0x0223      	SUBWF      _i, 0
L__main188:
0x0601	0x1803      	BTFSC      STATUS, 0
0x0602	0x2E08      	GOTO       L_main80
;ATRESSUBMIT.c,135 :: 		stepper_bullet1();
0x0603	0x22D1      	CALL       _stepper_bullet1
;ATRESSUBMIT.c,134 :: 		for (i = 0; i < 65; i++) {
0x0604	0x0AA3      	INCF       _i, 1
0x0605	0x1903      	BTFSC      STATUS, 2
0x0606	0x0AA4      	INCF       _i+1, 1
;ATRESSUBMIT.c,136 :: 		}    for (i = 0; i < 130; i++) {
0x0607	0x2DFB      	GOTO       L_main79
L_main80:
0x0608	0x01A3      	CLRF       _i
0x0609	0x01A4      	CLRF       _i+1
L_main82:
0x060A	0x3000      	MOVLW      0
0x060B	0x0224      	SUBWF      _i+1, 0
0x060C	0x1D03      	BTFSS      STATUS, 2
0x060D	0x2E10      	GOTO       L__main189
0x060E	0x3082      	MOVLW      130
0x060F	0x0223      	SUBWF      _i, 0
L__main189:
0x0610	0x1803      	BTFSC      STATUS, 0
0x0611	0x2E17      	GOTO       L_main83
;ATRESSUBMIT.c,137 :: 		stepper_bullet2();
0x0612	0x235C      	CALL       _stepper_bullet2
;ATRESSUBMIT.c,136 :: 		}    for (i = 0; i < 130; i++) {
0x0613	0x0AA3      	INCF       _i, 1
0x0614	0x1903      	BTFSC      STATUS, 2
0x0615	0x0AA4      	INCF       _i+1, 1
;ATRESSUBMIT.c,138 :: 		}
0x0616	0x2E0A      	GOTO       L_main82
L_main83:
;ATRESSUBMIT.c,139 :: 		}
L_main78:
;ATRESSUBMIT.c,140 :: 		for(i = 0; i < 20;i++)
0x0617	0x01A3      	CLRF       _i
0x0618	0x01A4      	CLRF       _i+1
L_main85:
0x0619	0x3000      	MOVLW      0
0x061A	0x0224      	SUBWF      _i+1, 0
0x061B	0x1D03      	BTFSS      STATUS, 2
0x061C	0x2E1F      	GOTO       L__main190
0x061D	0x3014      	MOVLW      20
0x061E	0x0223      	SUBWF      _i, 0
L__main190:
0x061F	0x1803      	BTFSC      STATUS, 0
0x0620	0x2E26      	GOTO       L_main86
;ATRESSUBMIT.c,141 :: 		{DCmotor_forward();}
0x0621	0x227B      	CALL       _DCmotor_forward
;ATRESSUBMIT.c,140 :: 		for(i = 0; i < 20;i++)
0x0622	0x0AA3      	INCF       _i, 1
0x0623	0x1903      	BTFSC      STATUS, 2
0x0624	0x0AA4      	INCF       _i+1, 1
;ATRESSUBMIT.c,141 :: 		{DCmotor_forward();}
0x0625	0x2E19      	GOTO       L_main85
L_main86:
;ATRESSUBMIT.c,142 :: 		Delay_ms(500);
0x0626	0x3006      	MOVLW      6
0x0627	0x00FB      	MOVWF      R11
0x0628	0x3013      	MOVLW      19
0x0629	0x00FC      	MOVWF      R12
0x062A	0x30AD      	MOVLW      173
0x062B	0x00FD      	MOVWF      R13
L_main88:
0x062C	0x0BFD      	DECFSZ     R13, 1
0x062D	0x2E2C      	GOTO       L_main88
0x062E	0x0BFC      	DECFSZ     R12, 1
0x062F	0x2E2C      	GOTO       L_main88
0x0630	0x0BFB      	DECFSZ     R11, 1
0x0631	0x2E2C      	GOTO       L_main88
0x0632	0x0000      	NOP
0x0633	0x0000      	NOP
;ATRESSUBMIT.c,143 :: 		Rotation45();
0x0634	0x230E      	CALL       _Rotation45
;ATRESSUBMIT.c,144 :: 		Delay_ms(1000);
0x0635	0x300B      	MOVLW      11
0x0636	0x00FB      	MOVWF      R11
0x0637	0x3026      	MOVLW      38
0x0638	0x00FC      	MOVWF      R12
0x0639	0x305D      	MOVLW      93
0x063A	0x00FD      	MOVWF      R13
L_main89:
0x063B	0x0BFD      	DECFSZ     R13, 1
0x063C	0x2E3B      	GOTO       L_main89
0x063D	0x0BFC      	DECFSZ     R12, 1
0x063E	0x2E3B      	GOTO       L_main89
0x063F	0x0BFB      	DECFSZ     R11, 1
0x0640	0x2E3B      	GOTO       L_main89
0x0641	0x0000      	NOP
0x0642	0x0000      	NOP
;ATRESSUBMIT.c,145 :: 		read_sonar();
0x0643	0x21EC      	CALL       _read_sonar
;ATRESSUBMIT.c,146 :: 		if (Distance < 10) {
0x0644	0x3000      	MOVLW      0
0x0645	0x0228      	SUBWF      _Distance+3, 0
0x0646	0x1D03      	BTFSS      STATUS, 2
0x0647	0x2E52      	GOTO       L__main191
0x0648	0x3000      	MOVLW      0
0x0649	0x0227      	SUBWF      _Distance+2, 0
0x064A	0x1D03      	BTFSS      STATUS, 2
0x064B	0x2E52      	GOTO       L__main191
0x064C	0x3000      	MOVLW      0
0x064D	0x0226      	SUBWF      _Distance+1, 0
0x064E	0x1D03      	BTFSS      STATUS, 2
0x064F	0x2E52      	GOTO       L__main191
0x0650	0x300A      	MOVLW      10
0x0651	0x0225      	SUBWF      _Distance, 0
L__main191:
0x0652	0x1803      	BTFSC      STATUS, 0
0x0653	0x2E72      	GOTO       L_main90
;ATRESSUBMIT.c,148 :: 		for (i = 0; i < 65; i++) {
0x0654	0x01A3      	CLRF       _i
0x0655	0x01A4      	CLRF       _i+1
L_main91:
0x0656	0x3000      	MOVLW      0
0x0657	0x0224      	SUBWF      _i+1, 0
0x0658	0x1D03      	BTFSS      STATUS, 2
0x0659	0x2E5C      	GOTO       L__main192
0x065A	0x3041      	MOVLW      65
0x065B	0x0223      	SUBWF      _i, 0
L__main192:
0x065C	0x1803      	BTFSC      STATUS, 0
0x065D	0x2E63      	GOTO       L_main92
;ATRESSUBMIT.c,149 :: 		stepper_bullet1();
0x065E	0x22D1      	CALL       _stepper_bullet1
;ATRESSUBMIT.c,148 :: 		for (i = 0; i < 65; i++) {
0x065F	0x0AA3      	INCF       _i, 1
0x0660	0x1903      	BTFSC      STATUS, 2
0x0661	0x0AA4      	INCF       _i+1, 1
;ATRESSUBMIT.c,150 :: 		}   for (i = 0; i < 130; i++) {
0x0662	0x2E56      	GOTO       L_main91
L_main92:
0x0663	0x01A3      	CLRF       _i
0x0664	0x01A4      	CLRF       _i+1
L_main94:
0x0665	0x3000      	MOVLW      0
0x0666	0x0224      	SUBWF      _i+1, 0
0x0667	0x1D03      	BTFSS      STATUS, 2
0x0668	0x2E6B      	GOTO       L__main193
0x0669	0x3082      	MOVLW      130
0x066A	0x0223      	SUBWF      _i, 0
L__main193:
0x066B	0x1803      	BTFSC      STATUS, 0
0x066C	0x2E72      	GOTO       L_main95
;ATRESSUBMIT.c,151 :: 		stepper_bullet2();
0x066D	0x235C      	CALL       _stepper_bullet2
;ATRESSUBMIT.c,150 :: 		}   for (i = 0; i < 130; i++) {
0x066E	0x0AA3      	INCF       _i, 1
0x066F	0x1903      	BTFSC      STATUS, 2
0x0670	0x0AA4      	INCF       _i+1, 1
;ATRESSUBMIT.c,152 :: 		}
0x0671	0x2E65      	GOTO       L_main94
L_main95:
;ATRESSUBMIT.c,153 :: 		}
L_main90:
;ATRESSUBMIT.c,154 :: 		for(i = 0; i < 20;i++)
0x0672	0x01A3      	CLRF       _i
0x0673	0x01A4      	CLRF       _i+1
L_main97:
0x0674	0x3000      	MOVLW      0
0x0675	0x0224      	SUBWF      _i+1, 0
0x0676	0x1D03      	BTFSS      STATUS, 2
0x0677	0x2E7A      	GOTO       L__main194
0x0678	0x3014      	MOVLW      20
0x0679	0x0223      	SUBWF      _i, 0
L__main194:
0x067A	0x1803      	BTFSC      STATUS, 0
0x067B	0x2E81      	GOTO       L_main98
;ATRESSUBMIT.c,155 :: 		{DCmotor_forward();}
0x067C	0x227B      	CALL       _DCmotor_forward
;ATRESSUBMIT.c,154 :: 		for(i = 0; i < 20;i++)
0x067D	0x0AA3      	INCF       _i, 1
0x067E	0x1903      	BTFSC      STATUS, 2
0x067F	0x0AA4      	INCF       _i+1, 1
;ATRESSUBMIT.c,155 :: 		{DCmotor_forward();}
0x0680	0x2E74      	GOTO       L_main97
L_main98:
;ATRESSUBMIT.c,156 :: 		Delay_ms(500);
0x0681	0x3006      	MOVLW      6
0x0682	0x00FB      	MOVWF      R11
0x0683	0x3013      	MOVLW      19
0x0684	0x00FC      	MOVWF      R12
0x0685	0x30AD      	MOVLW      173
0x0686	0x00FD      	MOVWF      R13
L_main100:
0x0687	0x0BFD      	DECFSZ     R13, 1
0x0688	0x2E87      	GOTO       L_main100
0x0689	0x0BFC      	DECFSZ     R12, 1
0x068A	0x2E87      	GOTO       L_main100
0x068B	0x0BFB      	DECFSZ     R11, 1
0x068C	0x2E87      	GOTO       L_main100
0x068D	0x0000      	NOP
0x068E	0x0000      	NOP
;ATRESSUBMIT.c,157 :: 		Rotation0();
0x068F	0x2259      	CALL       _Rotation0
;ATRESSUBMIT.c,158 :: 		Delay_ms(1000);
0x0690	0x300B      	MOVLW      11
0x0691	0x00FB      	MOVWF      R11
0x0692	0x3026      	MOVLW      38
0x0693	0x00FC      	MOVWF      R12
0x0694	0x305D      	MOVLW      93
0x0695	0x00FD      	MOVWF      R13
L_main101:
0x0696	0x0BFD      	DECFSZ     R13, 1
0x0697	0x2E96      	GOTO       L_main101
0x0698	0x0BFC      	DECFSZ     R12, 1
0x0699	0x2E96      	GOTO       L_main101
0x069A	0x0BFB      	DECFSZ     R11, 1
0x069B	0x2E96      	GOTO       L_main101
0x069C	0x0000      	NOP
0x069D	0x0000      	NOP
;ATRESSUBMIT.c,159 :: 		read_sonar();
0x069E	0x21EC      	CALL       _read_sonar
;ATRESSUBMIT.c,160 :: 		if (Distance < 10) {
0x069F	0x3000      	MOVLW      0
0x06A0	0x0228      	SUBWF      _Distance+3, 0
0x06A1	0x1D03      	BTFSS      STATUS, 2
0x06A2	0x2EAD      	GOTO       L__main195
0x06A3	0x3000      	MOVLW      0
0x06A4	0x0227      	SUBWF      _Distance+2, 0
0x06A5	0x1D03      	BTFSS      STATUS, 2
0x06A6	0x2EAD      	GOTO       L__main195
0x06A7	0x3000      	MOVLW      0
0x06A8	0x0226      	SUBWF      _Distance+1, 0
0x06A9	0x1D03      	BTFSS      STATUS, 2
0x06AA	0x2EAD      	GOTO       L__main195
0x06AB	0x300A      	MOVLW      10
0x06AC	0x0225      	SUBWF      _Distance, 0
L__main195:
0x06AD	0x1803      	BTFSC      STATUS, 0
0x06AE	0x2ECD      	GOTO       L_main102
;ATRESSUBMIT.c,162 :: 		for (i = 0; i < 65; i++) {
0x06AF	0x01A3      	CLRF       _i
0x06B0	0x01A4      	CLRF       _i+1
L_main103:
0x06B1	0x3000      	MOVLW      0
0x06B2	0x0224      	SUBWF      _i+1, 0
0x06B3	0x1D03      	BTFSS      STATUS, 2
0x06B4	0x2EB7      	GOTO       L__main196
0x06B5	0x3041      	MOVLW      65
0x06B6	0x0223      	SUBWF      _i, 0
L__main196:
0x06B7	0x1803      	BTFSC      STATUS, 0
0x06B8	0x2EBE      	GOTO       L_main104
;ATRESSUBMIT.c,163 :: 		stepper_bullet1();
0x06B9	0x22D1      	CALL       _stepper_bullet1
;ATRESSUBMIT.c,162 :: 		for (i = 0; i < 65; i++) {
0x06BA	0x0AA3      	INCF       _i, 1
0x06BB	0x1903      	BTFSC      STATUS, 2
0x06BC	0x0AA4      	INCF       _i+1, 1
;ATRESSUBMIT.c,164 :: 		}  for (i = 0; i < 130; i++) {
0x06BD	0x2EB1      	GOTO       L_main103
L_main104:
0x06BE	0x01A3      	CLRF       _i
0x06BF	0x01A4      	CLRF       _i+1
L_main106:
0x06C0	0x3000      	MOVLW      0
0x06C1	0x0224      	SUBWF      _i+1, 0
0x06C2	0x1D03      	BTFSS      STATUS, 2
0x06C3	0x2EC6      	GOTO       L__main197
0x06C4	0x3082      	MOVLW      130
0x06C5	0x0223      	SUBWF      _i, 0
L__main197:
0x06C6	0x1803      	BTFSC      STATUS, 0
0x06C7	0x2ECD      	GOTO       L_main107
;ATRESSUBMIT.c,165 :: 		stepper_bullet2();
0x06C8	0x235C      	CALL       _stepper_bullet2
;ATRESSUBMIT.c,164 :: 		}  for (i = 0; i < 130; i++) {
0x06C9	0x0AA3      	INCF       _i, 1
0x06CA	0x1903      	BTFSC      STATUS, 2
0x06CB	0x0AA4      	INCF       _i+1, 1
;ATRESSUBMIT.c,166 :: 		}
0x06CC	0x2EC0      	GOTO       L_main106
L_main107:
;ATRESSUBMIT.c,167 :: 		}
L_main102:
;ATRESSUBMIT.c,170 :: 		}
0x06CD	0x2BA8      	GOTO       L_main0
;ATRESSUBMIT.c,172 :: 		}
L_end_main:
0x06CE	0x2ECE      	GOTO       $+0
; end of _main
Symbol List:
//** Routines locations **
//ADDRESS    SIZE    PROCEDURE
//----------------------------------------------
0x0003       [7]    _____DoICP
0x000A      [55]    _Mul_32x32_U
0x0041     [376]    _Div_32x32_U
0x01B9      [12]    ___CC2DW
0x01C5      [39]    _Rotation180
0x01EC     [109]    _read_sonar
0x0259      [34]    _Rotation0
0x027B      [15]    _DCmotor_forward
0x028A      [31]    _init_sonar
0x02A9      [40]    _Rotation90
0x02D1      [61]    _stepper_bullet1
0x030E      [39]    _Rotation45
0x0335      [39]    _Rotation135
0x035C      [61]    _stepper_bullet2
0x0399     [822]    _main
//** Variables locations ** 
//ADDRESS    SIZE    VARIABLE
//----------------------------------------------
0x0000       [1]    INDF
0x0002       [1]    PCL
0x0003       [1]    STATUS
0x0004       [1]    FSR
0x0005       [1]    PORTA
0x0006       [1]    PORTB
0x0007       [1]    PORTC
0x0008       [1]    PORTD
0x000A       [1]    PCLATH
0x000B       [1]    INTCON
0x000E       [1]    TMR1L
0x000F       [1]    TMR1H
0x0010       [1]    T1CON
0x0020       [1]    ___math_tempb
0x0021       [2]    ___DoICPAddr
0x0023       [2]    _i
0x0025       [4]    _Distance
0x0029       [4]    _T1time
0x002D       [4]    _T1counts
0x0031       [2]    _T1overflow
0x0070       [1]    R0
0x0071       [1]    R1
0x0072       [1]    R2
0x0073       [1]    R3
0x0074       [1]    R4
0x0075       [1]    R5
0x0076       [1]    R6
0x0077       [1]    R7
0x0078       [1]    R8
0x0079       [1]    R9
0x007A       [1]    R10
0x007B       [1]    R11
0x007C       [1]    R12
0x007D       [1]    R13
0x007E       [1]    R14
0x007F       [1]    R15
0x0085       [1]    TRISA
0x0086       [1]    TRISB
0x0087       [1]    TRISC
0x0088       [1]    TRISD
0x008C       [1]    PIE1
